<?xml version="1.0" encoding="UTF-8"?>
<coverage generated="1510640855933" clover="3.2.0">
  <project timestamp="1510640855933" name="All files">
    <metrics statements="445" coveredstatements="195" conditionals="270" coveredconditionals="129" methods="117" coveredmethods="54" elements="832" coveredelements="378" complexity="0" loc="445" ncloc="445" packages="3" files="3" classes="3">
      <package name="dist.data-layer.api.axios-wrapper">
        <metrics statements="159" coveredstatements="70" conditionals="90" coveredconditionals="43" methods="39" coveredmethods="18"/>
        <file name="index.js" path="/Users/williestreeter/WebstormProjects/react/ws-react-login/dist/data-layer/api/axios-wrapper/index.js">
          <metrics statements="159" coveredstatements="70" conditionals="90" coveredconditionals="43" methods="39" coveredmethods="18"/>
          <line num="2" count="1" type="cond" truecount="3" falsecount="0"/>
          <line num="3" count="1" type="cond" truecount="2" falsecount="0"/>
          <line num="4" count="0" type="stmt"/>
          <line num="5" count="0" type="stmt"/>
          <line num="8" count="0" type="stmt"/>
          <line num="10" count="1" type="stmt"/>
          <line num="11" count="1" type="stmt"/>
          <line num="14" count="1" type="stmt"/>
          <line num="16" count="1" type="cond" truecount="1" falsecount="1"/>
          <line num="17" count="1" type="cond" truecount="2" falsecount="0"/>
          <line num="20" count="1" type="cond" truecount="3" falsecount="0"/>
          <line num="21" count="2" type="cond" truecount="2" falsecount="0"/>
          <line num="22" count="1" type="stmt"/>
          <line num="23" count="1" type="cond" truecount="2" falsecount="0"/>
          <line num="24" count="3" type="stmt"/>
          <line num="26" count="2" type="cond" truecount="1" falsecount="1"/>
          <line num="27" count="0" type="stmt"/>
          <line num="28" count="2" type="stmt"/>
          <line num="29" count="6" type="stmt"/>
          <line num="30" count="6" type="cond" truecount="2" falsecount="7"/>
          <line num="31" count="0" type="stmt"/>
          <line num="32" count="6" type="cond" truecount="1" falsecount="1"/>
          <line num="33" count="0" type="stmt"/>
          <line num="34" count="6" type="cond" truecount="4" falsecount="2"/>
          <line num="37" count="2" type="stmt"/>
          <line num="38" count="2" type="stmt"/>
          <line num="40" count="1" type="stmt"/>
          <line num="41" count="1" type="stmt"/>
          <line num="43" count="0" type="stmt"/>
          <line num="44" count="0" type="stmt"/>
          <line num="45" count="0" type="stmt"/>
          <line num="46" count="0" type="stmt"/>
          <line num="48" count="0" type="stmt"/>
          <line num="49" count="0" type="stmt"/>
          <line num="50" count="0" type="stmt"/>
          <line num="52" count="3" type="cond" truecount="6" falsecount="1"/>
          <line num="53" count="1" type="stmt"/>
          <line num="54" count="1" type="stmt"/>
          <line num="56" count="2" type="cond" truecount="2" falsecount="4"/>
          <line num="57" count="0" type="stmt"/>
          <line num="58" count="0" type="stmt"/>
          <line num="60" count="2" type="cond" truecount="4" falsecount="0"/>
          <line num="61" count="1" type="stmt"/>
          <line num="62" count="1" type="stmt"/>
          <line num="63" count="1" type="stmt"/>
          <line num="65" count="1" type="cond" truecount="3" falsecount="1"/>
          <line num="66" count="0" type="stmt"/>
          <line num="67" count="0" type="stmt"/>
          <line num="68" count="0" type="stmt"/>
          <line num="70" count="1" type="cond" truecount="1" falsecount="1"/>
          <line num="71" count="0" type="stmt"/>
          <line num="72" count="1" type="stmt"/>
          <line num="73" count="1" type="stmt"/>
          <line num="75" count="3" type="stmt"/>
          <line num="78" count="2" type="stmt"/>
          <line num="79" count="2" type="stmt"/>
          <line num="82" count="6" type="stmt"/>
          <line num="84" count="1" type="cond" truecount="1" falsecount="1"/>
          <line num="85" count="1" type="stmt"/>
          <line num="86" count="0" type="cond" truecount="0" falsecount="2"/>
          <line num="89" count="1" type="stmt"/>
          <line num="90" count="1" type="stmt"/>
          <line num="91" count="1" type="stmt"/>
          <line num="92" count="1" type="stmt"/>
          <line num="94" count="1" type="stmt"/>
          <line num="95" count="1" type="stmt"/>
          <line num="96" count="1" type="stmt"/>
          <line num="98" count="1" type="stmt"/>
          <line num="99" count="0" type="stmt"/>
          <line num="101" count="0" type="stmt"/>
          <line num="102" count="0" type="cond" truecount="0" falsecount="4"/>
          <line num="104" count="0" type="stmt"/>
          <line num="105" count="0" type="stmt"/>
          <line num="107" count="0" type="stmt"/>
          <line num="108" count="0" type="stmt"/>
          <line num="110" count="0" type="stmt"/>
          <line num="112" count="0" type="stmt"/>
          <line num="113" count="0" type="stmt"/>
          <line num="118" count="1" type="stmt"/>
          <line num="119" count="0" type="stmt"/>
          <line num="121" count="0" type="stmt"/>
          <line num="122" count="0" type="cond" truecount="0" falsecount="4"/>
          <line num="124" count="0" type="stmt"/>
          <line num="125" count="0" type="stmt"/>
          <line num="127" count="0" type="stmt"/>
          <line num="128" count="0" type="stmt"/>
          <line num="130" count="0" type="stmt"/>
          <line num="131" count="0" type="stmt"/>
          <line num="132" count="0" type="stmt"/>
          <line num="133" count="0" type="stmt"/>
          <line num="138" count="1" type="stmt"/>
          <line num="139" count="0" type="stmt"/>
          <line num="141" count="0" type="stmt"/>
          <line num="142" count="0" type="cond" truecount="0" falsecount="4"/>
          <line num="144" count="0" type="stmt"/>
          <line num="145" count="0" type="stmt"/>
          <line num="147" count="0" type="stmt"/>
          <line num="148" count="0" type="stmt"/>
          <line num="150" count="0" type="stmt"/>
          <line num="151" count="0" type="stmt"/>
          <line num="152" count="0" type="stmt"/>
          <line num="153" count="0" type="stmt"/>
          <line num="158" count="1" type="stmt"/>
          <line num="159" count="1" type="stmt"/>
          <line num="161" count="1" type="stmt"/>
          <line num="162" count="3" type="cond" truecount="3" falsecount="1"/>
          <line num="164" count="1" type="stmt"/>
          <line num="165" count="1" type="stmt"/>
          <line num="167" count="1" type="stmt"/>
          <line num="168" count="0" type="stmt"/>
          <line num="170" count="1" type="stmt"/>
          <line num="172" count="1" type="stmt"/>
          <line num="173" count="0" type="stmt"/>
          <line num="178" count="1" type="stmt"/>
          <line num="179" count="0" type="stmt"/>
          <line num="181" count="0" type="stmt"/>
          <line num="182" count="0" type="cond" truecount="0" falsecount="4"/>
          <line num="184" count="0" type="stmt"/>
          <line num="185" count="0" type="stmt"/>
          <line num="187" count="0" type="stmt"/>
          <line num="188" count="0" type="stmt"/>
          <line num="190" count="0" type="stmt"/>
          <line num="192" count="0" type="stmt"/>
          <line num="193" count="0" type="stmt"/>
          <line num="198" count="1" type="stmt"/>
          <line num="199" count="0" type="stmt"/>
          <line num="201" count="0" type="stmt"/>
          <line num="202" count="0" type="cond" truecount="0" falsecount="4"/>
          <line num="204" count="0" type="stmt"/>
          <line num="205" count="0" type="stmt"/>
          <line num="207" count="0" type="stmt"/>
          <line num="208" count="0" type="stmt"/>
          <line num="210" count="0" type="stmt"/>
          <line num="211" count="0" type="stmt"/>
          <line num="212" count="0" type="stmt"/>
          <line num="213" count="0" type="stmt"/>
          <line num="218" count="1" type="stmt"/>
          <line num="219" count="0" type="stmt"/>
          <line num="220" count="0" type="stmt"/>
          <line num="221" count="0" type="stmt"/>
          <line num="224" count="1" type="stmt"/>
          <line num="225" count="1" type="stmt"/>
          <line num="227" count="1" type="stmt"/>
          <line num="229" count="1" type="stmt"/>
          <line num="231" count="2" type="stmt"/>
          <line num="234" count="1" type="stmt"/>
          <line num="235" count="1" type="stmt"/>
          <line num="236" count="1" type="stmt"/>
          <line num="239" count="0" type="stmt"/>
          <line num="240" count="0" type="stmt"/>
          <line num="241" count="0" type="stmt"/>
          <line num="244" count="0" type="cond" truecount="0" falsecount="2"/>
          <line num="245" count="0" type="stmt"/>
          <line num="246" count="0" type="stmt"/>
          <line num="247" count="0" type="stmt"/>
          <line num="249" count="0" type="cond" truecount="0" falsecount="2"/>
          <line num="250" count="0" type="stmt"/>
          <line num="253" count="0" type="stmt"/>
          <line num="255" count="0" type="stmt"/>
        </file>
      </package>
      <package name="dist.src.data-layer.api.axios-wrapper">
        <metrics statements="159" coveredstatements="70" conditionals="90" coveredconditionals="43" methods="39" coveredmethods="18"/>
        <file name="index.js" path="/Users/williestreeter/WebstormProjects/react/ws-react-login/dist/src/data-layer/api/axios-wrapper/index.js">
          <metrics statements="159" coveredstatements="70" conditionals="90" coveredconditionals="43" methods="39" coveredmethods="18"/>
          <line num="2" count="1" type="cond" truecount="3" falsecount="0"/>
          <line num="3" count="1" type="cond" truecount="2" falsecount="0"/>
          <line num="4" count="0" type="stmt"/>
          <line num="5" count="0" type="stmt"/>
          <line num="8" count="0" type="stmt"/>
          <line num="10" count="1" type="stmt"/>
          <line num="11" count="1" type="stmt"/>
          <line num="14" count="1" type="stmt"/>
          <line num="16" count="1" type="cond" truecount="1" falsecount="1"/>
          <line num="17" count="1" type="cond" truecount="2" falsecount="0"/>
          <line num="20" count="1" type="cond" truecount="3" falsecount="0"/>
          <line num="21" count="2" type="cond" truecount="2" falsecount="0"/>
          <line num="22" count="1" type="stmt"/>
          <line num="23" count="1" type="cond" truecount="2" falsecount="0"/>
          <line num="24" count="3" type="stmt"/>
          <line num="26" count="2" type="cond" truecount="1" falsecount="1"/>
          <line num="27" count="0" type="stmt"/>
          <line num="28" count="2" type="stmt"/>
          <line num="29" count="6" type="stmt"/>
          <line num="30" count="6" type="cond" truecount="2" falsecount="7"/>
          <line num="31" count="0" type="stmt"/>
          <line num="32" count="6" type="cond" truecount="1" falsecount="1"/>
          <line num="33" count="0" type="stmt"/>
          <line num="34" count="6" type="cond" truecount="4" falsecount="2"/>
          <line num="37" count="2" type="stmt"/>
          <line num="38" count="2" type="stmt"/>
          <line num="40" count="1" type="stmt"/>
          <line num="41" count="1" type="stmt"/>
          <line num="43" count="0" type="stmt"/>
          <line num="44" count="0" type="stmt"/>
          <line num="45" count="0" type="stmt"/>
          <line num="46" count="0" type="stmt"/>
          <line num="48" count="0" type="stmt"/>
          <line num="49" count="0" type="stmt"/>
          <line num="50" count="0" type="stmt"/>
          <line num="52" count="3" type="cond" truecount="6" falsecount="1"/>
          <line num="53" count="1" type="stmt"/>
          <line num="54" count="1" type="stmt"/>
          <line num="56" count="2" type="cond" truecount="2" falsecount="4"/>
          <line num="57" count="0" type="stmt"/>
          <line num="58" count="0" type="stmt"/>
          <line num="60" count="2" type="cond" truecount="4" falsecount="0"/>
          <line num="61" count="1" type="stmt"/>
          <line num="62" count="1" type="stmt"/>
          <line num="63" count="1" type="stmt"/>
          <line num="65" count="1" type="cond" truecount="3" falsecount="1"/>
          <line num="66" count="0" type="stmt"/>
          <line num="67" count="0" type="stmt"/>
          <line num="68" count="0" type="stmt"/>
          <line num="70" count="1" type="cond" truecount="1" falsecount="1"/>
          <line num="71" count="0" type="stmt"/>
          <line num="72" count="1" type="stmt"/>
          <line num="73" count="1" type="stmt"/>
          <line num="75" count="3" type="stmt"/>
          <line num="78" count="2" type="stmt"/>
          <line num="79" count="2" type="stmt"/>
          <line num="82" count="6" type="stmt"/>
          <line num="84" count="1" type="cond" truecount="1" falsecount="1"/>
          <line num="85" count="1" type="stmt"/>
          <line num="86" count="0" type="cond" truecount="0" falsecount="2"/>
          <line num="89" count="1" type="stmt"/>
          <line num="90" count="1" type="stmt"/>
          <line num="91" count="1" type="stmt"/>
          <line num="92" count="1" type="stmt"/>
          <line num="94" count="1" type="stmt"/>
          <line num="95" count="1" type="stmt"/>
          <line num="96" count="1" type="stmt"/>
          <line num="98" count="1" type="stmt"/>
          <line num="99" count="0" type="stmt"/>
          <line num="101" count="0" type="stmt"/>
          <line num="102" count="0" type="cond" truecount="0" falsecount="4"/>
          <line num="104" count="0" type="stmt"/>
          <line num="105" count="0" type="stmt"/>
          <line num="107" count="0" type="stmt"/>
          <line num="108" count="0" type="stmt"/>
          <line num="110" count="0" type="stmt"/>
          <line num="112" count="0" type="stmt"/>
          <line num="113" count="0" type="stmt"/>
          <line num="118" count="1" type="stmt"/>
          <line num="119" count="0" type="stmt"/>
          <line num="121" count="0" type="stmt"/>
          <line num="122" count="0" type="cond" truecount="0" falsecount="4"/>
          <line num="124" count="0" type="stmt"/>
          <line num="125" count="0" type="stmt"/>
          <line num="127" count="0" type="stmt"/>
          <line num="128" count="0" type="stmt"/>
          <line num="130" count="0" type="stmt"/>
          <line num="131" count="0" type="stmt"/>
          <line num="132" count="0" type="stmt"/>
          <line num="133" count="0" type="stmt"/>
          <line num="138" count="1" type="stmt"/>
          <line num="139" count="0" type="stmt"/>
          <line num="141" count="0" type="stmt"/>
          <line num="142" count="0" type="cond" truecount="0" falsecount="4"/>
          <line num="144" count="0" type="stmt"/>
          <line num="145" count="0" type="stmt"/>
          <line num="147" count="0" type="stmt"/>
          <line num="148" count="0" type="stmt"/>
          <line num="150" count="0" type="stmt"/>
          <line num="151" count="0" type="stmt"/>
          <line num="152" count="0" type="stmt"/>
          <line num="153" count="0" type="stmt"/>
          <line num="158" count="1" type="stmt"/>
          <line num="159" count="1" type="stmt"/>
          <line num="161" count="1" type="stmt"/>
          <line num="162" count="3" type="cond" truecount="3" falsecount="1"/>
          <line num="164" count="1" type="stmt"/>
          <line num="165" count="1" type="stmt"/>
          <line num="167" count="1" type="stmt"/>
          <line num="168" count="0" type="stmt"/>
          <line num="170" count="1" type="stmt"/>
          <line num="172" count="1" type="stmt"/>
          <line num="173" count="0" type="stmt"/>
          <line num="178" count="1" type="stmt"/>
          <line num="179" count="0" type="stmt"/>
          <line num="181" count="0" type="stmt"/>
          <line num="182" count="0" type="cond" truecount="0" falsecount="4"/>
          <line num="184" count="0" type="stmt"/>
          <line num="185" count="0" type="stmt"/>
          <line num="187" count="0" type="stmt"/>
          <line num="188" count="0" type="stmt"/>
          <line num="190" count="0" type="stmt"/>
          <line num="192" count="0" type="stmt"/>
          <line num="193" count="0" type="stmt"/>
          <line num="198" count="1" type="stmt"/>
          <line num="199" count="0" type="stmt"/>
          <line num="201" count="0" type="stmt"/>
          <line num="202" count="0" type="cond" truecount="0" falsecount="4"/>
          <line num="204" count="0" type="stmt"/>
          <line num="205" count="0" type="stmt"/>
          <line num="207" count="0" type="stmt"/>
          <line num="208" count="0" type="stmt"/>
          <line num="210" count="0" type="stmt"/>
          <line num="211" count="0" type="stmt"/>
          <line num="212" count="0" type="stmt"/>
          <line num="213" count="0" type="stmt"/>
          <line num="218" count="1" type="stmt"/>
          <line num="219" count="0" type="stmt"/>
          <line num="220" count="0" type="stmt"/>
          <line num="221" count="0" type="stmt"/>
          <line num="224" count="1" type="stmt"/>
          <line num="225" count="1" type="stmt"/>
          <line num="227" count="1" type="stmt"/>
          <line num="229" count="1" type="stmt"/>
          <line num="231" count="2" type="stmt"/>
          <line num="234" count="1" type="stmt"/>
          <line num="235" count="1" type="stmt"/>
          <line num="236" count="1" type="stmt"/>
          <line num="239" count="0" type="stmt"/>
          <line num="240" count="0" type="stmt"/>
          <line num="241" count="0" type="stmt"/>
          <line num="244" count="0" type="cond" truecount="0" falsecount="2"/>
          <line num="245" count="0" type="stmt"/>
          <line num="246" count="0" type="stmt"/>
          <line num="247" count="0" type="stmt"/>
          <line num="249" count="0" type="cond" truecount="0" falsecount="2"/>
          <line num="250" count="0" type="stmt"/>
          <line num="253" count="0" type="stmt"/>
          <line num="255" count="0" type="stmt"/>
        </file>
      </package>
      <package name="src.data-layer.api.axios-wrapper">
        <metrics statements="127" coveredstatements="55" conditionals="90" coveredconditionals="43" methods="39" coveredmethods="18"/>
        <file name="index.ts" path="/Users/williestreeter/WebstormProjects/react/ws-react-login/src/data-layer/api/axios-wrapper/index.ts">
          <metrics statements="127" coveredstatements="55" conditionals="90" coveredconditionals="43" methods="39" coveredmethods="18"/>
          <line num="2" count="2" type="cond" truecount="3" falsecount="0"/>
          <line num="3" count="2" type="cond" truecount="2" falsecount="0"/>
          <line num="4" count="0" type="stmt"/>
          <line num="5" count="2" type="stmt"/>
          <line num="6" count="2" type="cond" truecount="1" falsecount="1"/>
          <line num="7" count="2" type="cond" truecount="2" falsecount="0"/>
          <line num="10" count="2" type="cond" truecount="3" falsecount="0"/>
          <line num="11" count="4" type="cond" truecount="2" falsecount="0"/>
          <line num="12" count="2" type="cond" truecount="2" falsecount="0"/>
          <line num="13" count="6" type="stmt"/>
          <line num="15" count="4" type="cond" truecount="1" falsecount="1"/>
          <line num="16" count="12" type="stmt"/>
          <line num="17" count="12" type="cond" truecount="2" falsecount="7"/>
          <line num="18" count="12" type="cond" truecount="1" falsecount="1"/>
          <line num="19" count="12" type="cond" truecount="4" falsecount="2"/>
          <line num="20" count="4" type="stmt"/>
          <line num="21" count="2" type="stmt"/>
          <line num="22" count="0" type="stmt"/>
          <line num="23" count="0" type="stmt"/>
          <line num="25" count="6" type="cond" truecount="6" falsecount="1"/>
          <line num="26" count="4" type="cond" truecount="2" falsecount="4"/>
          <line num="27" count="4" type="cond" truecount="4" falsecount="0"/>
          <line num="28" count="2" type="cond" truecount="3" falsecount="1"/>
          <line num="29" count="2" type="cond" truecount="1" falsecount="1"/>
          <line num="30" count="2" type="stmt"/>
          <line num="32" count="6" type="stmt"/>
          <line num="33" count="12" type="stmt"/>
          <line num="34" count="2" type="cond" truecount="1" falsecount="3"/>
          <line num="37" count="2" type="stmt"/>
          <line num="38" count="2" type="stmt"/>
          <line num="39" count="2" type="stmt"/>
          <line num="40" count="2" type="stmt"/>
          <line num="42" count="2" type="stmt"/>
          <line num="43" count="2" type="stmt"/>
          <line num="44" count="2" type="stmt"/>
          <line num="46" count="2" type="stmt"/>
          <line num="47" count="0" type="stmt"/>
          <line num="49" count="0" type="stmt"/>
          <line num="50" count="0" type="cond" truecount="0" falsecount="4"/>
          <line num="52" count="0" type="stmt"/>
          <line num="53" count="0" type="stmt"/>
          <line num="55" count="0" type="stmt"/>
          <line num="56" count="0" type="stmt"/>
          <line num="58" count="0" type="stmt"/>
          <line num="60" count="0" type="stmt"/>
          <line num="61" count="0" type="stmt"/>
          <line num="66" count="2" type="stmt"/>
          <line num="67" count="0" type="stmt"/>
          <line num="69" count="0" type="stmt"/>
          <line num="70" count="0" type="cond" truecount="0" falsecount="4"/>
          <line num="72" count="0" type="stmt"/>
          <line num="73" count="0" type="stmt"/>
          <line num="75" count="0" type="stmt"/>
          <line num="76" count="0" type="stmt"/>
          <line num="78" count="0" type="stmt"/>
          <line num="79" count="0" type="stmt"/>
          <line num="80" count="0" type="stmt"/>
          <line num="81" count="0" type="stmt"/>
          <line num="86" count="2" type="stmt"/>
          <line num="87" count="0" type="stmt"/>
          <line num="89" count="0" type="stmt"/>
          <line num="90" count="0" type="cond" truecount="0" falsecount="4"/>
          <line num="92" count="0" type="stmt"/>
          <line num="93" count="0" type="stmt"/>
          <line num="95" count="0" type="stmt"/>
          <line num="96" count="0" type="stmt"/>
          <line num="98" count="0" type="stmt"/>
          <line num="99" count="0" type="stmt"/>
          <line num="100" count="0" type="stmt"/>
          <line num="101" count="0" type="stmt"/>
          <line num="106" count="2" type="stmt"/>
          <line num="107" count="2" type="stmt"/>
          <line num="109" count="2" type="stmt"/>
          <line num="110" count="6" type="cond" truecount="3" falsecount="1"/>
          <line num="112" count="2" type="stmt"/>
          <line num="113" count="2" type="stmt"/>
          <line num="115" count="2" type="stmt"/>
          <line num="116" count="0" type="stmt"/>
          <line num="118" count="2" type="stmt"/>
          <line num="120" count="2" type="stmt"/>
          <line num="121" count="0" type="stmt"/>
          <line num="126" count="2" type="stmt"/>
          <line num="127" count="0" type="stmt"/>
          <line num="129" count="0" type="stmt"/>
          <line num="130" count="0" type="cond" truecount="0" falsecount="4"/>
          <line num="132" count="0" type="stmt"/>
          <line num="133" count="0" type="stmt"/>
          <line num="135" count="0" type="stmt"/>
          <line num="136" count="0" type="stmt"/>
          <line num="138" count="0" type="stmt"/>
          <line num="140" count="0" type="stmt"/>
          <line num="141" count="0" type="stmt"/>
          <line num="146" count="2" type="stmt"/>
          <line num="147" count="0" type="stmt"/>
          <line num="149" count="0" type="stmt"/>
          <line num="150" count="0" type="cond" truecount="0" falsecount="4"/>
          <line num="152" count="0" type="stmt"/>
          <line num="153" count="0" type="stmt"/>
          <line num="155" count="0" type="stmt"/>
          <line num="156" count="0" type="stmt"/>
          <line num="158" count="0" type="stmt"/>
          <line num="159" count="0" type="stmt"/>
          <line num="160" count="0" type="stmt"/>
          <line num="161" count="0" type="stmt"/>
          <line num="166" count="2" type="stmt"/>
          <line num="167" count="0" type="stmt"/>
          <line num="168" count="0" type="stmt"/>
          <line num="169" count="0" type="stmt"/>
          <line num="172" count="2" type="stmt"/>
          <line num="173" count="2" type="stmt"/>
          <line num="175" count="2" type="stmt"/>
          <line num="177" count="2" type="stmt"/>
          <line num="179" count="4" type="stmt"/>
          <line num="182" count="2" type="stmt"/>
          <line num="183" count="2" type="stmt"/>
          <line num="184" count="2" type="stmt"/>
          <line num="187" count="0" type="stmt"/>
          <line num="188" count="0" type="stmt"/>
          <line num="189" count="0" type="stmt"/>
          <line num="192" count="0" type="cond" truecount="0" falsecount="2"/>
          <line num="193" count="0" type="stmt"/>
          <line num="194" count="0" type="stmt"/>
          <line num="195" count="0" type="stmt"/>
          <line num="197" count="0" type="cond" truecount="0" falsecount="2"/>
          <line num="198" count="0" type="stmt"/>
          <line num="201" count="0" type="stmt"/>
          <line num="203" count="0" type="stmt"/>
        </file>
      </package>
    </metrics>
  </project>
</coverage>
