{"/Users/williestreeter/WebstormProjects/react/ws-react-login/dist/data-layer/api/axios-wrapper/index.js": {"path":"/Users/williestreeter/WebstormProjects/react/ws-react-login/dist/data-layer/api/axios-wrapper/index.js","statementMap":{"0":{"start":{"line":2,"column":16},"end":{"line":19,"column":1}},"1":{"start":{"line":3,"column":4},"end":{"line":18,"column":7}},"2":{"start":{"line":4,"column":36},"end":{"line":9,"column":9}},"3":{"start":{"line":5,"column":12},"end":{"line":5,"column":40}},"4":{"start":{"line":8,"column":12},"end":{"line":8,"column":22}},"5":{"start":{"line":10,"column":35},"end":{"line":15,"column":9}},"6":{"start":{"line":11,"column":12},"end":{"line":11,"column":44}},"7":{"start":{"line":14,"column":12},"end":{"line":14,"column":22}},"8":{"start":{"line":16,"column":32},"end":{"line":16,"column":149}},"9":{"start":{"line":16,"column":97},"end":{"line":16,"column":119}},"10":{"start":{"line":17,"column":8},"end":{"line":17,"column":78}},"11":{"start":{"line":20,"column":18},"end":{"line":88,"column":1}},"12":{"start":{"line":21,"column":12},"end":{"line":22,"column":59}},"13":{"start":{"line":21,"column":44},"end":{"line":22,"column":23}},"14":{"start":{"line":22,"column":12},"end":{"line":22,"column":23}},"15":{"start":{"line":22,"column":24},"end":{"line":22,"column":36}},"16":{"start":{"line":23,"column":4},"end":{"line":23,"column":158}},"17":{"start":{"line":23,"column":139},"end":{"line":23,"column":151}},"18":{"start":{"line":24,"column":23},"end":{"line":24,"column":68}},"19":{"start":{"line":24,"column":45},"end":{"line":24,"column":65}},"20":{"start":{"line":26,"column":8},"end":{"line":27,"column":67}},"21":{"start":{"line":27,"column":12},"end":{"line":27,"column":67}},"22":{"start":{"line":28,"column":8},"end":{"line":83,"column":13}},"23":{"start":{"line":29,"column":12},"end":{"line":83,"column":13}},"24":{"start":{"line":30,"column":16},"end":{"line":31,"column":29}},"25":{"start":{"line":31,"column":20},"end":{"line":31,"column":29}},"26":{"start":{"line":32,"column":16},"end":{"line":33,"column":38}},"27":{"start":{"line":33,"column":20},"end":{"line":33,"column":38}},"28":{"start":{"line":34,"column":16},"end":{"line":74,"column":17}},"29":{"start":{"line":37,"column":24},"end":{"line":37,"column":31}},"30":{"start":{"line":38,"column":24},"end":{"line":38,"column":30}},"31":{"start":{"line":40,"column":24},"end":{"line":40,"column":34}},"32":{"start":{"line":41,"column":24},"end":{"line":41,"column":61}},"33":{"start":{"line":43,"column":24},"end":{"line":43,"column":34}},"34":{"start":{"line":44,"column":24},"end":{"line":44,"column":34}},"35":{"start":{"line":45,"column":24},"end":{"line":45,"column":33}},"36":{"start":{"line":46,"column":24},"end":{"line":46,"column":33}},"37":{"start":{"line":48,"column":24},"end":{"line":48,"column":41}},"38":{"start":{"line":49,"column":24},"end":{"line":49,"column":37}},"39":{"start":{"line":50,"column":24},"end":{"line":50,"column":33}},"40":{"start":{"line":52,"column":24},"end":{"line":55,"column":25}},"41":{"start":{"line":53,"column":28},"end":{"line":53,"column":34}},"42":{"start":{"line":54,"column":28},"end":{"line":54,"column":37}},"43":{"start":{"line":56,"column":24},"end":{"line":59,"column":25}},"44":{"start":{"line":57,"column":28},"end":{"line":57,"column":44}},"45":{"start":{"line":58,"column":28},"end":{"line":58,"column":34}},"46":{"start":{"line":60,"column":24},"end":{"line":64,"column":25}},"47":{"start":{"line":61,"column":28},"end":{"line":61,"column":43}},"48":{"start":{"line":62,"column":28},"end":{"line":62,"column":35}},"49":{"start":{"line":63,"column":28},"end":{"line":63,"column":34}},"50":{"start":{"line":65,"column":24},"end":{"line":69,"column":25}},"51":{"start":{"line":66,"column":28},"end":{"line":66,"column":43}},"52":{"start":{"line":67,"column":28},"end":{"line":67,"column":43}},"53":{"start":{"line":68,"column":28},"end":{"line":68,"column":34}},"54":{"start":{"line":70,"column":24},"end":{"line":71,"column":40}},"55":{"start":{"line":71,"column":28},"end":{"line":71,"column":40}},"56":{"start":{"line":72,"column":24},"end":{"line":72,"column":37}},"57":{"start":{"line":73,"column":24},"end":{"line":73,"column":33}},"58":{"start":{"line":75,"column":16},"end":{"line":75,"column":43}},"59":{"start":{"line":78,"column":16},"end":{"line":78,"column":28}},"60":{"start":{"line":79,"column":16},"end":{"line":79,"column":22}},"61":{"start":{"line":82,"column":16},"end":{"line":82,"column":26}},"62":{"start":{"line":84,"column":8},"end":{"line":85,"column":24}},"63":{"start":{"line":85,"column":12},"end":{"line":85,"column":24}},"64":{"start":{"line":86,"column":8},"end":{"line":86,"column":61}},"65":{"start":{"line":89,"column":0},"end":{"line":89,"column":62}},"66":{"start":{"line":90,"column":0},"end":{"line":90,"column":43}},"67":{"start":{"line":91,"column":14},"end":{"line":91,"column":30}},"68":{"start":{"line":92,"column":15},"end":{"line":228,"column":3}},"69":{"start":{"line":94,"column":8},"end":{"line":94,"column":36}},"70":{"start":{"line":95,"column":8},"end":{"line":95,"column":61}},"71":{"start":{"line":96,"column":8},"end":{"line":96,"column":74}},"72":{"start":{"line":98,"column":4},"end":{"line":117,"column":6}},"73":{"start":{"line":99,"column":8},"end":{"line":116,"column":11}},"74":{"start":{"line":101,"column":12},"end":{"line":115,"column":15}},"75":{"start":{"line":102,"column":16},"end":{"line":114,"column":17}},"76":{"start":{"line":104,"column":24},"end":{"line":104,"column":50}},"77":{"start":{"line":105,"column":24},"end":{"line":105,"column":74}},"78":{"start":{"line":107,"column":24},"end":{"line":107,"column":40}},"79":{"start":{"line":108,"column":24},"end":{"line":108,"column":56}},"80":{"start":{"line":110,"column":24},"end":{"line":110,"column":44}},"81":{"start":{"line":112,"column":24},"end":{"line":112,"column":38}},"82":{"start":{"line":113,"column":28},"end":{"line":113,"column":50}},"83":{"start":{"line":118,"column":4},"end":{"line":137,"column":6}},"84":{"start":{"line":119,"column":8},"end":{"line":136,"column":11}},"85":{"start":{"line":121,"column":12},"end":{"line":135,"column":15}},"86":{"start":{"line":122,"column":16},"end":{"line":134,"column":17}},"87":{"start":{"line":124,"column":24},"end":{"line":124,"column":50}},"88":{"start":{"line":125,"column":24},"end":{"line":125,"column":91}},"89":{"start":{"line":127,"column":24},"end":{"line":127,"column":40}},"90":{"start":{"line":128,"column":24},"end":{"line":128,"column":56}},"91":{"start":{"line":130,"column":24},"end":{"line":130,"column":44}},"92":{"start":{"line":131,"column":24},"end":{"line":131,"column":46}},"93":{"start":{"line":132,"column":24},"end":{"line":132,"column":48}},"94":{"start":{"line":133,"column":28},"end":{"line":133,"column":50}},"95":{"start":{"line":138,"column":4},"end":{"line":157,"column":6}},"96":{"start":{"line":139,"column":8},"end":{"line":156,"column":11}},"97":{"start":{"line":141,"column":12},"end":{"line":155,"column":15}},"98":{"start":{"line":142,"column":16},"end":{"line":154,"column":17}},"99":{"start":{"line":144,"column":24},"end":{"line":144,"column":50}},"100":{"start":{"line":145,"column":24},"end":{"line":145,"column":79}},"101":{"start":{"line":147,"column":24},"end":{"line":147,"column":40}},"102":{"start":{"line":148,"column":24},"end":{"line":148,"column":56}},"103":{"start":{"line":150,"column":24},"end":{"line":150,"column":44}},"104":{"start":{"line":151,"column":24},"end":{"line":151,"column":46}},"105":{"start":{"line":152,"column":24},"end":{"line":152,"column":38}},"106":{"start":{"line":153,"column":28},"end":{"line":153,"column":50}},"107":{"start":{"line":158,"column":4},"end":{"line":177,"column":6}},"108":{"start":{"line":159,"column":8},"end":{"line":176,"column":11}},"109":{"start":{"line":161,"column":12},"end":{"line":175,"column":15}},"110":{"start":{"line":162,"column":16},"end":{"line":174,"column":17}},"111":{"start":{"line":164,"column":24},"end":{"line":164,"column":50}},"112":{"start":{"line":165,"column":24},"end":{"line":165,"column":78}},"113":{"start":{"line":167,"column":24},"end":{"line":167,"column":40}},"114":{"start":{"line":168,"column":24},"end":{"line":168,"column":56}},"115":{"start":{"line":170,"column":24},"end":{"line":170,"column":44}},"116":{"start":{"line":172,"column":24},"end":{"line":172,"column":38}},"117":{"start":{"line":173,"column":28},"end":{"line":173,"column":50}},"118":{"start":{"line":178,"column":4},"end":{"line":197,"column":6}},"119":{"start":{"line":179,"column":8},"end":{"line":196,"column":11}},"120":{"start":{"line":181,"column":12},"end":{"line":195,"column":15}},"121":{"start":{"line":182,"column":16},"end":{"line":194,"column":17}},"122":{"start":{"line":184,"column":24},"end":{"line":184,"column":50}},"123":{"start":{"line":185,"column":24},"end":{"line":185,"column":96}},"124":{"start":{"line":187,"column":24},"end":{"line":187,"column":40}},"125":{"start":{"line":188,"column":24},"end":{"line":188,"column":56}},"126":{"start":{"line":190,"column":24},"end":{"line":190,"column":44}},"127":{"start":{"line":192,"column":24},"end":{"line":192,"column":38}},"128":{"start":{"line":193,"column":28},"end":{"line":193,"column":50}},"129":{"start":{"line":198,"column":4},"end":{"line":217,"column":6}},"130":{"start":{"line":199,"column":8},"end":{"line":216,"column":11}},"131":{"start":{"line":201,"column":12},"end":{"line":215,"column":15}},"132":{"start":{"line":202,"column":16},"end":{"line":214,"column":17}},"133":{"start":{"line":204,"column":24},"end":{"line":204,"column":50}},"134":{"start":{"line":205,"column":24},"end":{"line":205,"column":77}},"135":{"start":{"line":207,"column":24},"end":{"line":207,"column":40}},"136":{"start":{"line":208,"column":24},"end":{"line":208,"column":56}},"137":{"start":{"line":210,"column":24},"end":{"line":210,"column":44}},"138":{"start":{"line":211,"column":24},"end":{"line":211,"column":46}},"139":{"start":{"line":212,"column":24},"end":{"line":212,"column":48}},"140":{"start":{"line":213,"column":28},"end":{"line":213,"column":50}},"141":{"start":{"line":218,"column":4},"end":{"line":222,"column":6}},"142":{"start":{"line":219,"column":8},"end":{"line":219,"column":36}},"143":{"start":{"line":220,"column":8},"end":{"line":220,"column":61}},"144":{"start":{"line":221,"column":8},"end":{"line":221,"column":74}},"145":{"start":{"line":224,"column":4},"end":{"line":226,"column":6}},"146":{"start":{"line":225,"column":8},"end":{"line":225,"column":27}},"147":{"start":{"line":227,"column":4},"end":{"line":227,"column":19}},"148":{"start":{"line":229,"column":0},"end":{"line":229,"column":26}},"149":{"start":{"line":231,"column":4},"end":{"line":231,"column":45}},"150":{"start":{"line":234,"column":25},"end":{"line":234,"column":34}},"151":{"start":{"line":235,"column":4},"end":{"line":235,"column":81}},"152":{"start":{"line":236,"column":4},"end":{"line":236,"column":49}},"153":{"start":{"line":239,"column":19},"end":{"line":239,"column":33}},"154":{"start":{"line":240,"column":4},"end":{"line":240,"column":94}},"155":{"start":{"line":240,"column":49},"end":{"line":240,"column":90}},"156":{"start":{"line":241,"column":4},"end":{"line":241,"column":20}},"157":{"start":{"line":244,"column":4},"end":{"line":254,"column":5}},"158":{"start":{"line":245,"column":8},"end":{"line":245,"column":41}},"159":{"start":{"line":246,"column":8},"end":{"line":246,"column":43}},"160":{"start":{"line":247,"column":8},"end":{"line":247,"column":44}},"161":{"start":{"line":249,"column":9},"end":{"line":254,"column":5}},"162":{"start":{"line":250,"column":8},"end":{"line":250,"column":35}},"163":{"start":{"line":253,"column":8},"end":{"line":253,"column":53}},"164":{"start":{"line":255,"column":4},"end":{"line":255,"column":30}}},"fnMap":{"0":{"name":"(anonymous_0)","decl":{"start":{"line":2,"column":44},"end":{"line":2,"column":45}},"loc":{"start":{"line":2,"column":89},"end":{"line":19,"column":1}},"line":2},"1":{"name":"(anonymous_1)","decl":{"start":{"line":3,"column":36},"end":{"line":3,"column":37}},"loc":{"start":{"line":3,"column":63},"end":{"line":18,"column":5}},"line":3},"2":{"name":"fulfilled","decl":{"start":{"line":4,"column":17},"end":{"line":4,"column":26}},"loc":{"start":{"line":4,"column":34},"end":{"line":9,"column":11}},"line":4},"3":{"name":"rejected","decl":{"start":{"line":10,"column":17},"end":{"line":10,"column":25}},"loc":{"start":{"line":10,"column":33},"end":{"line":15,"column":11}},"line":10},"4":{"name":"step","decl":{"start":{"line":16,"column":17},"end":{"line":16,"column":21}},"loc":{"start":{"line":16,"column":30},"end":{"line":16,"column":151}},"line":16},"5":{"name":"(anonymous_5)","decl":{"start":{"line":16,"column":76},"end":{"line":16,"column":77}},"loc":{"start":{"line":16,"column":95},"end":{"line":16,"column":121}},"line":16},"6":{"name":"(anonymous_6)","decl":{"start":{"line":20,"column":48},"end":{"line":20,"column":49}},"loc":{"start":{"line":20,"column":73},"end":{"line":88,"column":1}},"line":20},"7":{"name":"(anonymous_7)","decl":{"start":{"line":21,"column":30},"end":{"line":21,"column":31}},"loc":{"start":{"line":21,"column":42},"end":{"line":22,"column":38}},"line":21},"8":{"name":"(anonymous_8)","decl":{"start":{"line":23,"column":125},"end":{"line":23,"column":126}},"loc":{"start":{"line":23,"column":137},"end":{"line":23,"column":153}},"line":23},"9":{"name":"verb","decl":{"start":{"line":24,"column":13},"end":{"line":24,"column":17}},"loc":{"start":{"line":24,"column":21},"end":{"line":24,"column":70}},"line":24},"10":{"name":"(anonymous_10)","decl":{"start":{"line":24,"column":30},"end":{"line":24,"column":31}},"loc":{"start":{"line":24,"column":43},"end":{"line":24,"column":67}},"line":24},"11":{"name":"step","decl":{"start":{"line":25,"column":13},"end":{"line":25,"column":17}},"loc":{"start":{"line":25,"column":22},"end":{"line":87,"column":5}},"line":25},"12":{"name":"(anonymous_12)","decl":{"start":{"line":92,"column":15},"end":{"line":92,"column":16}},"loc":{"start":{"line":92,"column":27},"end":{"line":228,"column":1}},"line":92},"13":{"name":"ApiCore","decl":{"start":{"line":93,"column":13},"end":{"line":93,"column":20}},"loc":{"start":{"line":93,"column":32},"end":{"line":97,"column":5}},"line":93},"14":{"name":"(anonymous_14)","decl":{"start":{"line":98,"column":31},"end":{"line":98,"column":32}},"loc":{"start":{"line":98,"column":50},"end":{"line":117,"column":5}},"line":98},"15":{"name":"(anonymous_15)","decl":{"start":{"line":99,"column":47},"end":{"line":99,"column":48}},"loc":{"start":{"line":99,"column":59},"end":{"line":116,"column":9}},"line":99},"16":{"name":"(anonymous_16)","decl":{"start":{"line":101,"column":37},"end":{"line":101,"column":38}},"loc":{"start":{"line":101,"column":51},"end":{"line":115,"column":13}},"line":101},"17":{"name":"(anonymous_17)","decl":{"start":{"line":118,"column":28},"end":{"line":118,"column":29}},"loc":{"start":{"line":118,"column":55},"end":{"line":137,"column":5}},"line":118},"18":{"name":"(anonymous_18)","decl":{"start":{"line":119,"column":47},"end":{"line":119,"column":48}},"loc":{"start":{"line":119,"column":59},"end":{"line":136,"column":9}},"line":119},"19":{"name":"(anonymous_19)","decl":{"start":{"line":121,"column":37},"end":{"line":121,"column":38}},"loc":{"start":{"line":121,"column":51},"end":{"line":135,"column":13}},"line":121},"20":{"name":"(anonymous_20)","decl":{"start":{"line":138,"column":30},"end":{"line":138,"column":31}},"loc":{"start":{"line":138,"column":55},"end":{"line":157,"column":5}},"line":138},"21":{"name":"(anonymous_21)","decl":{"start":{"line":139,"column":47},"end":{"line":139,"column":48}},"loc":{"start":{"line":139,"column":59},"end":{"line":156,"column":9}},"line":139},"22":{"name":"(anonymous_22)","decl":{"start":{"line":141,"column":37},"end":{"line":141,"column":38}},"loc":{"start":{"line":141,"column":51},"end":{"line":155,"column":13}},"line":141},"23":{"name":"(anonymous_23)","decl":{"start":{"line":158,"column":29},"end":{"line":158,"column":30}},"loc":{"start":{"line":158,"column":54},"end":{"line":177,"column":5}},"line":158},"24":{"name":"(anonymous_24)","decl":{"start":{"line":159,"column":47},"end":{"line":159,"column":48}},"loc":{"start":{"line":159,"column":59},"end":{"line":176,"column":9}},"line":159},"25":{"name":"(anonymous_25)","decl":{"start":{"line":161,"column":37},"end":{"line":161,"column":38}},"loc":{"start":{"line":161,"column":51},"end":{"line":175,"column":13}},"line":161},"26":{"name":"(anonymous_26)","decl":{"start":{"line":178,"column":37},"end":{"line":178,"column":38}},"loc":{"start":{"line":178,"column":62},"end":{"line":197,"column":5}},"line":178},"27":{"name":"(anonymous_27)","decl":{"start":{"line":179,"column":47},"end":{"line":179,"column":48}},"loc":{"start":{"line":179,"column":59},"end":{"line":196,"column":9}},"line":179},"28":{"name":"(anonymous_28)","decl":{"start":{"line":181,"column":37},"end":{"line":181,"column":38}},"loc":{"start":{"line":181,"column":51},"end":{"line":195,"column":13}},"line":181},"29":{"name":"(anonymous_29)","decl":{"start":{"line":198,"column":28},"end":{"line":198,"column":29}},"loc":{"start":{"line":198,"column":53},"end":{"line":217,"column":5}},"line":198},"30":{"name":"(anonymous_30)","decl":{"start":{"line":199,"column":47},"end":{"line":199,"column":48}},"loc":{"start":{"line":199,"column":59},"end":{"line":216,"column":9}},"line":199},"31":{"name":"(anonymous_31)","decl":{"start":{"line":201,"column":37},"end":{"line":201,"column":38}},"loc":{"start":{"line":201,"column":51},"end":{"line":215,"column":13}},"line":201},"32":{"name":"(anonymous_32)","decl":{"start":{"line":218,"column":43},"end":{"line":218,"column":44}},"loc":{"start":{"line":218,"column":64},"end":{"line":222,"column":5}},"line":218},"33":{"name":"(anonymous_33)","decl":{"start":{"line":224,"column":41},"end":{"line":224,"column":42}},"loc":{"start":{"line":224,"column":53},"end":{"line":226,"column":5}},"line":224},"34":{"name":"generateAxiosInstance","decl":{"start":{"line":230,"column":9},"end":{"line":230,"column":30}},"loc":{"start":{"line":230,"column":42},"end":{"line":232,"column":1}},"line":230},"35":{"name":"generateFormDataAxiosInstance","decl":{"start":{"line":233,"column":9},"end":{"line":233,"column":38}},"loc":{"start":{"line":233,"column":50},"end":{"line":237,"column":1}},"line":233},"36":{"name":"getFormData","decl":{"start":{"line":238,"column":9},"end":{"line":238,"column":20}},"loc":{"start":{"line":238,"column":29},"end":{"line":242,"column":1}},"line":238},"37":{"name":"(anonymous_37)","decl":{"start":{"line":240,"column":32},"end":{"line":240,"column":33}},"loc":{"start":{"line":240,"column":47},"end":{"line":240,"column":92}},"line":240},"38":{"name":"handleErrors","decl":{"start":{"line":243,"column":9},"end":{"line":243,"column":21}},"loc":{"start":{"line":243,"column":29},"end":{"line":256,"column":1}},"line":243}},"branchMap":{"0":{"loc":{"start":{"line":2,"column":16},"end":{"line":19,"column":1}},"type":"binary-expr","locations":[{"start":{"line":2,"column":17},"end":{"line":2,"column":21}},{"start":{"line":2,"column":25},"end":{"line":2,"column":39}},{"start":{"line":2,"column":44},"end":{"line":19,"column":1}}],"line":2},"1":{"loc":{"start":{"line":3,"column":16},"end":{"line":3,"column":34}},"type":"binary-expr","locations":[{"start":{"line":3,"column":16},"end":{"line":3,"column":17}},{"start":{"line":3,"column":22},"end":{"line":3,"column":33}}],"line":3},"2":{"loc":{"start":{"line":16,"column":32},"end":{"line":16,"column":148}},"type":"cond-expr","locations":[{"start":{"line":16,"column":46},"end":{"line":16,"column":67}},{"start":{"line":16,"column":70},"end":{"line":16,"column":148}}],"line":16},"3":{"loc":{"start":{"line":17,"column":51},"end":{"line":17,"column":67}},"type":"binary-expr","locations":[{"start":{"line":17,"column":51},"end":{"line":17,"column":61}},{"start":{"line":17,"column":65},"end":{"line":17,"column":67}}],"line":17},"4":{"loc":{"start":{"line":20,"column":18},"end":{"line":88,"column":1}},"type":"binary-expr","locations":[{"start":{"line":20,"column":19},"end":{"line":20,"column":23}},{"start":{"line":20,"column":27},"end":{"line":20,"column":43}},{"start":{"line":20,"column":48},"end":{"line":88,"column":1}}],"line":20},"5":{"loc":{"start":{"line":21,"column":44},"end":{"line":22,"column":23}},"type":"if","locations":[{"start":{"line":21,"column":44},"end":{"line":22,"column":23}},{"start":{"line":21,"column":44},"end":{"line":22,"column":23}}],"line":21},"6":{"loc":{"start":{"line":23,"column":71},"end":{"line":23,"column":154}},"type":"binary-expr","locations":[{"start":{"line":23,"column":71},"end":{"line":23,"column":99}},{"start":{"line":23,"column":104},"end":{"line":23,"column":153}}],"line":23},"7":{"loc":{"start":{"line":26,"column":8},"end":{"line":27,"column":67}},"type":"if","locations":[{"start":{"line":26,"column":8},"end":{"line":27,"column":67}},{"start":{"line":26,"column":8},"end":{"line":27,"column":67}}],"line":26},"8":{"loc":{"start":{"line":30,"column":16},"end":{"line":31,"column":29}},"type":"if","locations":[{"start":{"line":30,"column":16},"end":{"line":31,"column":29}},{"start":{"line":30,"column":16},"end":{"line":31,"column":29}}],"line":30},"9":{"loc":{"start":{"line":30,"column":27},"end":{"line":30,"column":120}},"type":"binary-expr","locations":[{"start":{"line":30,"column":27},"end":{"line":30,"column":28}},{"start":{"line":30,"column":33},"end":{"line":30,"column":87}},{"start":{"line":30,"column":92},"end":{"line":30,"column":120}}],"line":30},"10":{"loc":{"start":{"line":30,"column":39},"end":{"line":30,"column":86}},"type":"cond-expr","locations":[{"start":{"line":30,"column":51},"end":{"line":30,"column":59}},{"start":{"line":30,"column":62},"end":{"line":30,"column":86}}],"line":30},"11":{"loc":{"start":{"line":30,"column":62},"end":{"line":30,"column":86}},"type":"cond-expr","locations":[{"start":{"line":30,"column":70},"end":{"line":30,"column":77}},{"start":{"line":30,"column":80},"end":{"line":30,"column":86}}],"line":30},"12":{"loc":{"start":{"line":32,"column":16},"end":{"line":33,"column":38}},"type":"if","locations":[{"start":{"line":32,"column":16},"end":{"line":33,"column":38}},{"start":{"line":32,"column":16},"end":{"line":33,"column":38}}],"line":32},"13":{"loc":{"start":{"line":34,"column":16},"end":{"line":74,"column":17}},"type":"switch","locations":[{"start":{"line":35,"column":20},"end":{"line":35,"column":27}},{"start":{"line":36,"column":20},"end":{"line":38,"column":30}},{"start":{"line":39,"column":20},"end":{"line":41,"column":61}},{"start":{"line":42,"column":20},"end":{"line":46,"column":33}},{"start":{"line":47,"column":20},"end":{"line":50,"column":33}},{"start":{"line":51,"column":20},"end":{"line":73,"column":33}}],"line":34},"14":{"loc":{"start":{"line":52,"column":24},"end":{"line":55,"column":25}},"type":"if","locations":[{"start":{"line":52,"column":24},"end":{"line":55,"column":25}},{"start":{"line":52,"column":24},"end":{"line":55,"column":25}}],"line":52},"15":{"loc":{"start":{"line":52,"column":28},"end":{"line":52,"column":110}},"type":"binary-expr","locations":[{"start":{"line":52,"column":28},"end":{"line":52,"column":78}},{"start":{"line":52,"column":83},"end":{"line":52,"column":94}},{"start":{"line":52,"column":98},"end":{"line":52,"column":109}}],"line":52},"16":{"loc":{"start":{"line":52,"column":46},"end":{"line":52,"column":77}},"type":"binary-expr","locations":[{"start":{"line":52,"column":46},"end":{"line":52,"column":58}},{"start":{"line":52,"column":62},"end":{"line":52,"column":77}}],"line":52},"17":{"loc":{"start":{"line":56,"column":24},"end":{"line":59,"column":25}},"type":"if","locations":[{"start":{"line":56,"column":24},"end":{"line":59,"column":25}},{"start":{"line":56,"column":24},"end":{"line":59,"column":25}}],"line":56},"18":{"loc":{"start":{"line":56,"column":28},"end":{"line":56,"column":81}},"type":"binary-expr","locations":[{"start":{"line":56,"column":28},"end":{"line":56,"column":39}},{"start":{"line":56,"column":44},"end":{"line":56,"column":46}},{"start":{"line":56,"column":51},"end":{"line":56,"column":63}},{"start":{"line":56,"column":67},"end":{"line":56,"column":79}}],"line":56},"19":{"loc":{"start":{"line":60,"column":24},"end":{"line":64,"column":25}},"type":"if","locations":[{"start":{"line":60,"column":24},"end":{"line":64,"column":25}},{"start":{"line":60,"column":24},"end":{"line":64,"column":25}}],"line":60},"20":{"loc":{"start":{"line":60,"column":28},"end":{"line":60,"column":57}},"type":"binary-expr","locations":[{"start":{"line":60,"column":28},"end":{"line":60,"column":39}},{"start":{"line":60,"column":43},"end":{"line":60,"column":57}}],"line":60},"21":{"loc":{"start":{"line":65,"column":24},"end":{"line":69,"column":25}},"type":"if","locations":[{"start":{"line":65,"column":24},"end":{"line":69,"column":25}},{"start":{"line":65,"column":24},"end":{"line":69,"column":25}}],"line":65},"22":{"loc":{"start":{"line":65,"column":28},"end":{"line":65,"column":47}},"type":"binary-expr","locations":[{"start":{"line":65,"column":28},"end":{"line":65,"column":29}},{"start":{"line":65,"column":33},"end":{"line":65,"column":47}}],"line":65},"23":{"loc":{"start":{"line":70,"column":24},"end":{"line":71,"column":40}},"type":"if","locations":[{"start":{"line":70,"column":24},"end":{"line":71,"column":40}},{"start":{"line":70,"column":24},"end":{"line":71,"column":40}}],"line":70},"24":{"loc":{"start":{"line":84,"column":8},"end":{"line":85,"column":24}},"type":"if","locations":[{"start":{"line":84,"column":8},"end":{"line":85,"column":24}},{"start":{"line":84,"column":8},"end":{"line":85,"column":24}}],"line":84},"25":{"loc":{"start":{"line":86,"column":24},"end":{"line":86,"column":46}},"type":"cond-expr","locations":[{"start":{"line":86,"column":32},"end":{"line":86,"column":37}},{"start":{"line":86,"column":40},"end":{"line":86,"column":46}}],"line":86},"26":{"loc":{"start":{"line":102,"column":16},"end":{"line":114,"column":17}},"type":"switch","locations":[{"start":{"line":103,"column":20},"end":{"line":105,"column":74}},{"start":{"line":106,"column":20},"end":{"line":108,"column":56}},{"start":{"line":109,"column":20},"end":{"line":112,"column":38}},{"start":{"line":113,"column":20},"end":{"line":113,"column":50}}],"line":102},"27":{"loc":{"start":{"line":122,"column":16},"end":{"line":134,"column":17}},"type":"switch","locations":[{"start":{"line":123,"column":20},"end":{"line":125,"column":91}},{"start":{"line":126,"column":20},"end":{"line":128,"column":56}},{"start":{"line":129,"column":20},"end":{"line":132,"column":48}},{"start":{"line":133,"column":20},"end":{"line":133,"column":50}}],"line":122},"28":{"loc":{"start":{"line":142,"column":16},"end":{"line":154,"column":17}},"type":"switch","locations":[{"start":{"line":143,"column":20},"end":{"line":145,"column":79}},{"start":{"line":146,"column":20},"end":{"line":148,"column":56}},{"start":{"line":149,"column":20},"end":{"line":152,"column":38}},{"start":{"line":153,"column":20},"end":{"line":153,"column":50}}],"line":142},"29":{"loc":{"start":{"line":162,"column":16},"end":{"line":174,"column":17}},"type":"switch","locations":[{"start":{"line":163,"column":20},"end":{"line":165,"column":78}},{"start":{"line":166,"column":20},"end":{"line":168,"column":56}},{"start":{"line":169,"column":20},"end":{"line":172,"column":38}},{"start":{"line":173,"column":20},"end":{"line":173,"column":50}}],"line":162},"30":{"loc":{"start":{"line":182,"column":16},"end":{"line":194,"column":17}},"type":"switch","locations":[{"start":{"line":183,"column":20},"end":{"line":185,"column":96}},{"start":{"line":186,"column":20},"end":{"line":188,"column":56}},{"start":{"line":189,"column":20},"end":{"line":192,"column":38}},{"start":{"line":193,"column":20},"end":{"line":193,"column":50}}],"line":182},"31":{"loc":{"start":{"line":202,"column":16},"end":{"line":214,"column":17}},"type":"switch","locations":[{"start":{"line":203,"column":20},"end":{"line":205,"column":77}},{"start":{"line":206,"column":20},"end":{"line":208,"column":56}},{"start":{"line":209,"column":20},"end":{"line":212,"column":48}},{"start":{"line":213,"column":20},"end":{"line":213,"column":50}}],"line":202},"32":{"loc":{"start":{"line":244,"column":4},"end":{"line":254,"column":5}},"type":"if","locations":[{"start":{"line":244,"column":4},"end":{"line":254,"column":5}},{"start":{"line":244,"column":4},"end":{"line":254,"column":5}}],"line":244},"33":{"loc":{"start":{"line":249,"column":9},"end":{"line":254,"column":5}},"type":"if","locations":[{"start":{"line":249,"column":9},"end":{"line":254,"column":5}},{"start":{"line":249,"column":9},"end":{"line":254,"column":5}}],"line":249}},"s":{"0":1,"1":1,"2":0,"3":0,"4":0,"5":1,"6":1,"7":1,"8":1,"9":1,"10":1,"11":1,"12":1,"13":2,"14":1,"15":1,"16":1,"17":0,"18":3,"19":2,"20":2,"21":0,"22":2,"23":6,"24":6,"25":0,"26":6,"27":0,"28":6,"29":2,"30":2,"31":1,"32":1,"33":0,"34":0,"35":0,"36":0,"37":0,"38":0,"39":0,"40":3,"41":1,"42":1,"43":2,"44":0,"45":0,"46":2,"47":1,"48":1,"49":1,"50":1,"51":0,"52":0,"53":0,"54":1,"55":0,"56":1,"57":1,"58":3,"59":2,"60":2,"61":6,"62":1,"63":1,"64":0,"65":1,"66":1,"67":1,"68":1,"69":1,"70":1,"71":1,"72":1,"73":0,"74":0,"75":0,"76":0,"77":0,"78":0,"79":0,"80":0,"81":0,"82":0,"83":1,"84":0,"85":0,"86":0,"87":0,"88":0,"89":0,"90":0,"91":0,"92":0,"93":0,"94":0,"95":1,"96":0,"97":0,"98":0,"99":0,"100":0,"101":0,"102":0,"103":0,"104":0,"105":0,"106":0,"107":1,"108":1,"109":1,"110":3,"111":1,"112":1,"113":1,"114":0,"115":1,"116":1,"117":0,"118":1,"119":0,"120":0,"121":0,"122":0,"123":0,"124":0,"125":0,"126":0,"127":0,"128":0,"129":1,"130":0,"131":0,"132":0,"133":0,"134":0,"135":0,"136":0,"137":0,"138":0,"139":0,"140":0,"141":1,"142":0,"143":0,"144":0,"145":1,"146":1,"147":1,"148":1,"149":2,"150":1,"151":1,"152":1,"153":0,"154":0,"155":0,"156":0,"157":0,"158":0,"159":0,"160":0,"161":0,"162":0,"163":0,"164":0},"f":{"0":1,"1":1,"2":0,"3":1,"4":1,"5":1,"6":1,"7":2,"8":0,"9":3,"10":2,"11":2,"12":1,"13":1,"14":0,"15":0,"16":0,"17":0,"18":0,"19":0,"20":0,"21":0,"22":0,"23":1,"24":1,"25":3,"26":0,"27":0,"28":0,"29":0,"30":0,"31":0,"32":0,"33":1,"34":2,"35":1,"36":0,"37":0,"38":0},"b":{"0":[1,1,1],"1":[1,1],"2":[0,1],"3":[1,1],"4":[1,1,1],"5":[1,1],"6":[1,1],"7":[0,2],"8":[0,6],"9":[6,0,0],"10":[0,0],"11":[0,0],"12":[0,6],"13":[1,2,1,0,0,3],"14":[1,2],"15":[3,1,0],"16":[3,2],"17":[0,2],"18":[2,0,0,0],"19":[1,1],"20":[2,2],"21":[0,1],"22":[1,1],"23":[0,1],"24":[1,0],"25":[0,0],"26":[0,0,0,0],"27":[0,0,0,0],"28":[0,0,0,0],"29":[1,1,1,0],"30":[0,0,0,0],"31":[0,0,0,0],"32":[0,0],"33":[0,0]},"inputSourceMap":{"version":3,"file":"index.js","sourceRoot":"","sources":["index.js"],"names":[],"mappings":"AAAA,YAAY,CAAC;AACb,IAAI,SAAS,GAAG,CAAC,IAAI,IAAI,IAAI,CAAC,SAAS,CAAC,IAAI,UAAU,OAAO,EAAE,UAAU,EAAE,CAAC,EAAE,SAAS;IACnF,MAAM,CAAC,IAAI,CAAC,CAAC,IAAI,CAAC,CAAC,GAAG,OAAO,CAAC,CAAC,CAAC,UAAU,OAAO,EAAE,MAAM;QACrD,mBAAmB,KAAK,IAAI,IAAI,CAAC;YAAC,IAAI,CAAC,SAAS,CAAC,IAAI,CAAC,KAAK,CAAC,CAAC,CAAC;QAAC,CAAC;QAAC,KAAK,CAAC,CAAC,CAAC,CAAC,CAAC,CAAC;YAAC,MAAM,CAAC,CAAC,CAAC,CAAC;QAAC,CAAC,CAAC,CAAC;QAC3F,kBAAkB,KAAK,IAAI,IAAI,CAAC;YAAC,IAAI,CAAC,SAAS,CAAC,OAAO,CAAC,CAAC,KAAK,CAAC,CAAC,CAAC;QAAC,CAAC;QAAC,KAAK,CAAC,CAAC,CAAC,CAAC,CAAC,CAAC;YAAC,MAAM,CAAC,CAAC,CAAC,CAAC;QAAC,CAAC,CAAC,CAAC;QAC9F,cAAc,MAAM,IAAI,MAAM,CAAC,IAAI,CAAC,CAAC,CAAC,OAAO,CAAC,MAAM,CAAC,KAAK,CAAC,CAAC,CAAC,CAAC,IAAI,CAAC,CAAC,UAAU,OAAO,IAAI,OAAO,CAAC,MAAM,CAAC,KAAK,CAAC,CAAC,CAAC,CAAC,CAAC,CAAC,IAAI,CAAC,SAAS,EAAE,QAAQ,CAAC,CAAC,CAAC,CAAC;QAC/I,IAAI,CAAC,CAAC,SAAS,GAAG,SAAS,CAAC,KAAK,CAAC,OAAO,EAAE,UAAU,IAAI,EAAE,CAAC,CAAC,CAAC,IAAI,EAAE,CAAC,CAAC;IAC1E,CAAC,CAAC,CAAC;AACP,CAAC,CAAC;AACF,IAAI,WAAW,GAAG,CAAC,IAAI,IAAI,IAAI,CAAC,WAAW,CAAC,IAAI,UAAU,OAAO,EAAE,IAAI;IACnE,IAAI,CAAC,GAAG,EAAE,KAAK,EAAE,CAAC,EAAE,IAAI,EAAE,cAAa,EAAE,CAAC,CAAC,CAAC,CAAC,CAAC,CAAC,GAAG,CAAC,CAAC;YAAC,MAAM,CAAC,CAAC,CAAC,CAAC,CAAC,CAAC,MAAM,CAAC,CAAC,CAAC,CAAC,CAAC,CAAC,CAAC,CAAC,EAAE,IAAI,EAAE,EAAE,EAAE,GAAG,EAAE,EAAE,EAAE,EAAE,CAAC,EAAE,CAAC,EAAE,CAAC,EAAE,CAAC,CAAC;IACjH,MAAM,CAAC,CAAC,GAAG,EAAE,IAAI,EAAE,IAAI,CAAC,CAAC,CAAC,EAAE,OAAO,EAAE,IAAI,CAAC,CAAC,CAAC,EAAE,QAAQ,EAAE,IAAI,CAAC,CAAC,CAAC,EAAE,EAAE,OAAO,MAAM,KAAK,UAAU,IAAI,CAAC,CAAC,CAAC,MAAM,CAAC,QAAQ,CAAC,GAAG,cAAa,MAAM,CAAC,IAAI,CAAC,CAAC,CAAC,CAAC,EAAE,CAAC,CAAC;IACzJ,cAAc,CAAC,IAAI,MAAM,CAAC,UAAU,CAAC,IAAI,MAAM,CAAC,IAAI,CAAC,CAAC,CAAC,EAAE,CAAC,CAAC,CAAC,CAAC,CAAC,CAAC,CAAC,CAAC,CAAC;IAClE,cAAc,EAAE;QACZ,EAAE,CAAC,CAAC,CAAC,CAAC;YAAC,MAAM,IAAI,SAAS,CAAC,iCAAiC,CAAC,CAAC;QAC9D,OAAO,CAAC;YAAE,IAAI,CAAC;gBACX,EAAE,CAAC,CAAC,CAAC,GAAG,CAAC,EAAE,CAAC,IAAI,CAAC,CAAC,GAAG,CAAC,CAAC,EAAE,CAAC,CAAC,CAAC,GAAG,CAAC,CAAC,CAAC,CAAC,QAAQ,CAAC,CAAC,CAAC,EAAE,CAAC,CAAC,CAAC,CAAC,CAAC,CAAC,OAAO,CAAC,CAAC,CAAC,MAAM,CAAC,CAAC,IAAI,CAAC,CAAC,CAAC,GAAG,CAAC,CAAC,IAAI,CAAC,CAAC,EAAE,EAAE,CAAC,CAAC,CAAC,CAAC,CAAC,CAAC,IAAI,CAAC;oBAAC,MAAM,CAAC,CAAC,CAAC;gBACnH,EAAE,CAAC,CAAC,CAAC,GAAG,CAAC,EAAE,CAAC,CAAC;oBAAC,EAAE,GAAG,CAAC,CAAC,EAAE,CAAC,CAAC,KAAK,CAAC,CAAC;gBAChC,MAAM,CAAC,CAAC,EAAE,CAAC,CAAC,CAAC,CAAC,CAAC,CAAC;oBACZ,KAAK,CAAC,CAAC;oBAAC,KAAK,CAAC;wBAAE,CAAC,GAAG,EAAE,CAAC;wBAAC,KAAK,CAAC;oBAC9B,KAAK,CAAC;wBAAE,CAAC,CAAC,KAAK,EAAE,CAAC;wBAAC,MAAM,CAAC,EAAE,KAAK,EAAE,EAAE,CAAC,CAAC,CAAC,EAAE,IAAI,EAAE,KAAK,EAAE,CAAC;oBACxD,KAAK,CAAC;wBAAE,CAAC,CAAC,KAAK,EAAE,CAAC;wBAAC,CAAC,GAAG,EAAE,CAAC,CAAC,CAAC,CAAC;wBAAC,EAAE,GAAG,CAAC,CAAC,CAAC,CAAC;wBAAC,QAAQ,CAAC;oBACjD,KAAK,CAAC;wBAAE,EAAE,GAAG,CAAC,CAAC,GAAG,CAAC,GAAG,EAAE,CAAC;wBAAC,CAAC,CAAC,IAAI,CAAC,GAAG,EAAE,CAAC;wBAAC,QAAQ,CAAC;oBACjD;wBACI,EAAE,CAAC,CAAC,CAAC,CAAC,CAAC,GAAG,CAAC,CAAC,IAAI,EAAE,CAAC,GAAG,CAAC,CAAC,MAAM,GAAG,CAAC,IAAI,CAAC,CAAC,CAAC,CAAC,MAAM,GAAG,CAAC,CAAC,CAAC,IAAI,CAAC,EAAE,CAAC,CAAC,CAAC,KAAK,CAAC,IAAI,EAAE,CAAC,CAAC,CAAC,KAAK,CAAC,CAAC,CAAC,CAAC,CAAC;4BAAC,CAAC,GAAG,CAAC,CAAC;4BAAC,QAAQ,CAAC;wBAAC,CAAC;wBAC5G,EAAE,CAAC,CAAC,EAAE,CAAC,CAAC,CAAC,KAAK,CAAC,IAAI,CAAC,CAAC,CAAC,IAAI,CAAC,EAAE,CAAC,CAAC,CAAC,GAAG,CAAC,CAAC,CAAC,CAAC,IAAI,EAAE,CAAC,CAAC,CAAC,GAAG,CAAC,CAAC,CAAC,CAAC,CAAC,CAAC,CAAC,CAAC,CAAC;4BAAC,CAAC,CAAC,KAAK,GAAG,EAAE,CAAC,CAAC,CAAC,CAAC;4BAAC,KAAK,CAAC;wBAAC,CAAC;wBACtF,EAAE,CAAC,CAAC,EAAE,CAAC,CAAC,CAAC,KAAK,CAAC,IAAI,CAAC,CAAC,KAAK,GAAG,CAAC,CAAC,CAAC,CAAC,CAAC,CAAC,CAAC;4BAAC,CAAC,CAAC,KAAK,GAAG,CAAC,CAAC,CAAC,CAAC,CAAC;4BAAC,CAAC,GAAG,EAAE,CAAC;4BAAC,KAAK,CAAC;wBAAC,CAAC;wBACrE,EAAE,CAAC,CAAC,CAAC,IAAI,CAAC,CAAC,KAAK,GAAG,CAAC,CAAC,CAAC,CAAC,CAAC,CAAC,CAAC;4BAAC,CAAC,CAAC,KAAK,GAAG,CAAC,CAAC,CAAC,CAAC,CAAC;4BAAC,CAAC,CAAC,GAAG,CAAC,IAAI,CAAC,EAAE,CAAC,CAAC;4BAAC,KAAK,CAAC;wBAAC,CAAC;wBACnE,EAAE,CAAC,CAAC,CAAC,CAAC,CAAC,CAAC,CAAC;4BAAC,CAAC,CAAC,GAAG,CAAC,GAAG,EAAE,CAAC;wBACtB,CAAC,CAAC,IAAI,CAAC,GAAG,EAAE,CAAC;wBAAC,QAAQ,CAAC;gBAC/B,CAAC;gBACD,EAAE,GAAG,IAAI,CAAC,IAAI,CAAC,OAAO,EAAE,CAAC,CAAC,CAAC;YAC/B,CAAC;YAAC,KAAK,CAAC,CAAC,CAAC,CAAC,CAAC,CAAC;gBAAC,EAAE,GAAG,CAAC,CAAC,EAAE,CAAC,CAAC,CAAC;gBAAC,CAAC,GAAG,CAAC,CAAC;YAAC,CAAC;oBAAS,CAAC;gBAAC,CAAC,GAAG,CAAC,GAAG,CAAC,CAAC;YAAC,CAAC;QAC1D,EAAE,CAAC,CAAC,EAAE,CAAC,CAAC,CAAC,GAAG,CAAC,CAAC;YAAC,MAAM,EAAE,CAAC,CAAC,CAAC,CAAC;QAAC,MAAM,CAAC,EAAE,KAAK,EAAE,EAAE,CAAC,CAAC,CAAC,CAAC,CAAC,CAAC,EAAE,CAAC,CAAC,CAAC,CAAC,CAAC,CAAC,KAAK,CAAC,EAAE,IAAI,EAAE,IAAI,EAAE,CAAC;IACrF,CAAC;AACL,CAAC,CAAC;AACF,MAAM,CAAC,cAAc,CAAC,OAAO,EAAE,YAAY,EAAE,EAAE,KAAK,EAAE,IAAI,EAAE,CAAC,CAAC;AAC9D,OAAO,CAAC,iCAAiC,CAAC,CAAC;AAC3C,IAAI,OAAO,GAAG,OAAO,CAAC,OAAO,CAAC,CAAC;AAC/B,IAAI,OAAO,GAAiB,CAAC;IACzB,iBAAiB,SAAS;QACtB,IAAI,CAAC,UAAU,GAAG,SAAS,CAAC;QAC5B,IAAI,CAAC,MAAM,GAAG,qBAAqB,CAAC,IAAI,CAAC,UAAU,CAAC,CAAC;QACrD,IAAI,CAAC,WAAW,GAAG,6BAA6B,CAAC,IAAI,CAAC,UAAU,CAAC,CAAC;IACtE,CAAC;IACD,OAAO,CAAC,SAAS,CAAC,MAAM,GAAG,UAAU,OAAO;QACxC,MAAM,CAAC,SAAS,CAAC,IAAI,EAAE,KAAK,CAAC,EAAE,KAAK,CAAC,EAAE;YACnC,IAAI,GAAG,EAAE,OAAO,CAAC;YACjB,MAAM,CAAC,WAAW,CAAC,IAAI,EAAE,UAAU,EAAE;gBACjC,MAAM,CAAC,CAAC,EAAE,CAAC,KAAK,CAAC,CAAC,CAAC;oBACf,KAAK,CAAC;wBACF,EAAE,CAAC,IAAI,CAAC,IAAI,CAAC,CAAC,CAAC,EAAE,CAAC,EAAE,AAAD,EAAG,CAAC,CAAC,CAAC,CAAC;wBAC1B,MAAM,CAAC,CAAC,CAAC,CAAC,SAAS,EAAE,IAAI,CAAC,MAAM,CAAC,MAAM,CAAC,OAAO,CAAC,CAAC,CAAC;oBACtD,KAAK,CAAC;wBACF,GAAG,GAAG,EAAE,CAAC,IAAI,EAAE,CAAC;wBAChB,MAAM,CAAC,CAAC,CAAC,CAAC,UAAU,EAAE,GAAG,CAAC,IAAI,CAAC,CAAC;oBACpC,KAAK,CAAC;wBACF,OAAO,GAAG,EAAE,CAAC,IAAI,EAAE,CAAC;wBACpB,sBAAsB;wBACtB,MAAM,OAAO,CAAC;oBAClB,KAAK,CAAC,EAAE,MAAM,CAAC,CAAC,CAAC,CAAC,UAAU,CAAC,CAAC;gBAClC,CAAC;YACL,CAAC,CAAC,CAAC;QACP,CAAC,CAAC,CAAC;IACP,CAAC,CAAC;IACF,OAAO,CAAC,SAAS,CAAC,GAAG,GAAG,UAAU,OAAO,EAAE,MAAM;QAC7C,MAAM,CAAC,SAAS,CAAC,IAAI,EAAE,KAAK,CAAC,EAAE,KAAK,CAAC,EAAE;YACnC,IAAI,GAAG,EAAE,OAAO,CAAC;YACjB,MAAM,CAAC,WAAW,CAAC,IAAI,EAAE,UAAU,EAAE;gBACjC,MAAM,CAAC,CAAC,EAAE,CAAC,KAAK,CAAC,CAAC,CAAC;oBACf,KAAK,CAAC;wBACF,EAAE,CAAC,IAAI,CAAC,IAAI,CAAC,CAAC,CAAC,EAAE,CAAC,EAAE,AAAD,EAAG,CAAC,CAAC,CAAC,CAAC;wBAC1B,MAAM,CAAC,CAAC,CAAC,CAAC,SAAS,EAAE,IAAI,CAAC,MAAM,CAAC,GAAG,CAAC,OAAO,EAAE,EAAE,MAAM,EAAE,MAAM,EAAE,CAAC,CAAC,CAAC;oBACvE,KAAK,CAAC;wBACF,GAAG,GAAG,EAAE,CAAC,IAAI,EAAE,CAAC;wBAChB,MAAM,CAAC,CAAC,CAAC,CAAC,UAAU,EAAE,GAAG,CAAC,IAAI,CAAC,CAAC;oBACpC,KAAK,CAAC;wBACF,OAAO,GAAG,EAAE,CAAC,IAAI,EAAE,CAAC;wBACpB,YAAY,CAAC,OAAO,CAAC,CAAC;wBACtB,MAAM,CAAC,CAAC,CAAC,CAAC,SAAS,EAAE,CAAC,CAAC,CAAC;oBAC5B,KAAK,CAAC,EAAE,MAAM,CAAC,CAAC,CAAC,CAAC,UAAU,CAAC,CAAC;gBAClC,CAAC;YACL,CAAC,CAAC,CAAC;QACP,CAAC,CAAC,CAAC;IACP,CAAC,CAAC;IACF,OAAO,CAAC,SAAS,CAAC,KAAK,GAAG,UAAU,OAAO,EAAE,IAAI;QAC7C,MAAM,CAAC,SAAS,CAAC,IAAI,EAAE,KAAK,CAAC,EAAE,KAAK,CAAC,EAAE;YACnC,IAAI,GAAG,EAAE,OAAO,CAAC;YACjB,MAAM,CAAC,WAAW,CAAC,IAAI,EAAE,UAAU,EAAE;gBACjC,MAAM,CAAC,CAAC,EAAE,CAAC,KAAK,CAAC,CAAC,CAAC;oBACf,KAAK,CAAC;wBACF,EAAE,CAAC,IAAI,CAAC,IAAI,CAAC,CAAC,CAAC,EAAE,CAAC,EAAE,AAAD,EAAG,CAAC,CAAC,CAAC,CAAC;wBAC1B,MAAM,CAAC,CAAC,CAAC,CAAC,SAAS,EAAE,IAAI,CAAC,MAAM,CAAC,KAAK,CAAC,OAAO,EAAE,IAAI,CAAC,CAAC,CAAC;oBAC3D,KAAK,CAAC;wBACF,GAAG,GAAG,EAAE,CAAC,IAAI,EAAE,CAAC;wBAChB,MAAM,CAAC,CAAC,CAAC,CAAC,UAAU,EAAE,GAAG,CAAC,IAAI,CAAC,CAAC;oBACpC,KAAK,CAAC;wBACF,OAAO,GAAG,EAAE,CAAC,IAAI,EAAE,CAAC;wBACpB,YAAY,CAAC,OAAO,CAAC,CAAC;wBACtB,MAAM,OAAO,CAAC;oBAClB,KAAK,CAAC,EAAE,MAAM,CAAC,CAAC,CAAC,CAAC,UAAU,CAAC,CAAC;gBAClC,CAAC;YACL,CAAC,CAAC,CAAC;QACP,CAAC,CAAC,CAAC;IACP,CAAC,CAAC;IACF,OAAO,CAAC,SAAS,CAAC,IAAI,GAAG,UAAU,OAAO,EAAE,IAAI;QAC5C,MAAM,CAAC,SAAS,CAAC,IAAI,EAAE,KAAK,CAAC,EAAE,KAAK,CAAC,EAAE;YACnC,IAAI,GAAG,EAAE,OAAO,CAAC;YACjB,MAAM,CAAC,WAAW,CAAC,IAAI,EAAE,UAAU,EAAE;gBACjC,MAAM,CAAC,CAAC,EAAE,CAAC,KAAK,CAAC,CAAC,CAAC;oBACf,KAAK,CAAC;wBACF,EAAE,CAAC,IAAI,CAAC,IAAI,CAAC,CAAC,CAAC,EAAE,CAAC,EAAE,AAAD,EAAG,CAAC,CAAC,CAAC,CAAC;wBAC1B,MAAM,CAAC,CAAC,CAAC,CAAC,SAAS,EAAE,IAAI,CAAC,MAAM,CAAC,IAAI,CAAC,OAAO,EAAE,IAAI,CAAC,CAAC,CAAC;oBAC1D,KAAK,CAAC;wBACF,GAAG,GAAG,EAAE,CAAC,IAAI,EAAE,CAAC;wBAChB,MAAM,CAAC,CAAC,CAAC,CAAC,UAAU,EAAE,GAAG,CAAC,IAAI,CAAC,CAAC;oBACpC,KAAK,CAAC;wBACF,OAAO,GAAG,EAAE,CAAC,IAAI,EAAE,CAAC;wBACpB,sBAAsB;wBACtB,MAAM,OAAO,CAAC;oBAClB,KAAK,CAAC,EAAE,MAAM,CAAC,CAAC,CAAC,CAAC,UAAU,CAAC,CAAC;gBAClC,CAAC;YACL,CAAC,CAAC,CAAC;QACP,CAAC,CAAC,CAAC;IACP,CAAC,CAAC;IACF,OAAO,CAAC,SAAS,CAAC,YAAY,GAAG,UAAU,OAAO,EAAE,IAAI;QACpD,MAAM,CAAC,SAAS,CAAC,IAAI,EAAE,KAAK,CAAC,EAAE,KAAK,CAAC,EAAE;YACnC,IAAI,GAAG,EAAE,OAAO,CAAC;YACjB,MAAM,CAAC,WAAW,CAAC,IAAI,EAAE,UAAU,EAAE;gBACjC,MAAM,CAAC,CAAC,EAAE,CAAC,KAAK,CAAC,CAAC,CAAC;oBACf,KAAK,CAAC;wBACF,EAAE,CAAC,IAAI,CAAC,IAAI,CAAC,CAAC,CAAC,EAAE,CAAC,EAAE,AAAD,EAAG,CAAC,CAAC,CAAC,CAAC;wBAC1B,MAAM,CAAC,CAAC,CAAC,CAAC,SAAS,EAAE,IAAI,CAAC,WAAW,CAAC,IAAI,CAAC,OAAO,EAAE,WAAW,CAAC,IAAI,CAAC,CAAC,CAAC,CAAC;oBAC5E,KAAK,CAAC;wBACF,GAAG,GAAG,EAAE,CAAC,IAAI,EAAE,CAAC;wBAChB,MAAM,CAAC,CAAC,CAAC,CAAC,UAAU,EAAE,GAAG,CAAC,IAAI,CAAC,CAAC;oBACpC,KAAK,CAAC;wBACF,OAAO,GAAG,EAAE,CAAC,IAAI,EAAE,CAAC;wBACpB,sBAAsB;wBACtB,MAAM,OAAO,CAAC;oBAClB,KAAK,CAAC,EAAE,MAAM,CAAC,CAAC,CAAC,CAAC,UAAU,CAAC,CAAC;gBAClC,CAAC;YACL,CAAC,CAAC,CAAC;QACP,CAAC,CAAC,CAAC;IACP,CAAC,CAAC;IACF,OAAO,CAAC,SAAS,CAAC,GAAG,GAAG,UAAU,OAAO,EAAE,IAAI;QAC3C,MAAM,CAAC,SAAS,CAAC,IAAI,EAAE,KAAK,CAAC,EAAE,KAAK,CAAC,EAAE;YACnC,IAAI,GAAG,EAAE,OAAO,CAAC;YACjB,MAAM,CAAC,WAAW,CAAC,IAAI,EAAE,UAAU,EAAE;gBACjC,MAAM,CAAC,CAAC,EAAE,CAAC,KAAK,CAAC,CAAC,CAAC;oBACf,KAAK,CAAC;wBACF,EAAE,CAAC,IAAI,CAAC,IAAI,CAAC,CAAC,CAAC,EAAE,CAAC,EAAE,AAAD,EAAG,CAAC,CAAC,CAAC,CAAC;wBAC1B,MAAM,CAAC,CAAC,CAAC,CAAC,SAAS,EAAE,IAAI,CAAC,MAAM,CAAC,GAAG,CAAC,OAAO,EAAE,IAAI,CAAC,CAAC,CAAC;oBACzD,KAAK,CAAC;wBACF,GAAG,GAAG,EAAE,CAAC,IAAI,EAAE,CAAC;wBAChB,MAAM,CAAC,CAAC,CAAC,CAAC,UAAU,EAAE,GAAG,CAAC,IAAI,CAAC,CAAC;oBACpC,KAAK,CAAC;wBACF,OAAO,GAAG,EAAE,CAAC,IAAI,EAAE,CAAC;wBACpB,YAAY,CAAC,OAAO,CAAC,CAAC;wBACtB,MAAM,CAAC,CAAC,CAAC,CAAC,SAAS,EAAE,CAAC,CAAC,CAAC;oBAC5B,KAAK,CAAC,EAAE,MAAM,CAAC,CAAC,CAAC,CAAC,UAAU,CAAC,CAAC;gBAClC,CAAC;YACL,CAAC,CAAC,CAAC;QACP,CAAC,CAAC,CAAC;IACP,CAAC,CAAC;IACF,OAAO,CAAC,SAAS,CAAC,kBAAkB,GAAG,UAAU,SAAS;QACtD,IAAI,CAAC,UAAU,GAAG,SAAS,CAAC;QAC5B,IAAI,CAAC,MAAM,GAAG,qBAAqB,CAAC,IAAI,CAAC,UAAU,CAAC,CAAC;QACrD,IAAI,CAAC,WAAW,GAAG,6BAA6B,CAAC,IAAI,CAAC,UAAU,CAAC,CAAC;IACtE,CAAC,CAAC;IACF,oDAAoD;IACpD,OAAO,CAAC,SAAS,CAAC,gBAAgB,GAAG;QACjC,MAAM,CAAC,IAAI,CAAC,MAAM,CAAC;IACvB,CAAC,CAAC;IACF,MAAM,CAAC,OAAO,CAAC;AACnB,CAAC,EAAE,CAAC,CAAC;AACL,OAAO,CAAC,OAAO,GAAG,OAAO,CAAC;AAC1B,+BAA+B,SAAS;IACpC,MAAM,CAAC,OAAO,CAAC,OAAO,CAAC,MAAM,CAAC,SAAS,CAAC,CAAC;AAC7C,CAAC;AACD,uCAAuC,SAAS;IAC5C,IAAI,cAAc,GAAG,SAAS,CAAC;IAC/B,cAAc,CAAC,OAAO,CAAC,cAAc,CAAC,GAAG,mCAAmC,CAAC;IAC7E,MAAM,CAAC,qBAAqB,CAAC,cAAc,CAAC,CAAC;AACjD,CAAC;AACD,qBAAqB,MAAM;IACvB,IAAI,QAAQ,GAAG,IAAI,QAAQ,EAAE,CAAC;IAC9B,MAAM,CAAC,IAAI,CAAC,MAAM,CAAC,CAAC,OAAO,CAAC,UAAU,GAAG,IAAI,MAAM,CAAC,QAAQ,CAAC,MAAM,CAAC,GAAG,EAAE,MAAM,CAAC,GAAG,CAAC,CAAC,CAAC,CAAC,CAAC,CAAC,CAAC;IAC1F,MAAM,CAAC,QAAQ,CAAC;AACpB,CAAC;AACD,sBAAsB,KAAK;IACvB,EAAE,CAAC,CAAC,KAAK,CAAC,QAAQ,CAAC,CAAC,CAAC;QACjB,OAAO,CAAC,GAAG,CAAC,KAAK,CAAC,QAAQ,CAAC,IAAI,CAAC,CAAC;QACjC,OAAO,CAAC,GAAG,CAAC,KAAK,CAAC,QAAQ,CAAC,MAAM,CAAC,CAAC;QACnC,OAAO,CAAC,GAAG,CAAC,KAAK,CAAC,QAAQ,CAAC,OAAO,CAAC,CAAC;IACxC,CAAC;IACD,IAAI,CAAC,EAAE,CAAC,CAAC,KAAK,CAAC,OAAO,CAAC,CAAC,CAAC;QACrB,OAAO,CAAC,GAAG,CAAC,KAAK,CAAC,OAAO,CAAC,CAAC;IAC/B,CAAC;IACD,IAAI,CAAC,CAAC;QACF,OAAO,CAAC,GAAG,CAAC,gBAAgB,EAAE,KAAK,CAAC,OAAO,CAAC,CAAC;IACjD,CAAC;IACD,OAAO,CAAC,GAAG,CAAC,KAAK,CAAC,MAAM,CAAC,CAAC;AAC9B,CAAC","sourcesContent":["\"use strict\";\nvar __awaiter = (this && this.__awaiter) || function (thisArg, _arguments, P, generator) {\n    return new (P || (P = Promise))(function (resolve, reject) {\n        function fulfilled(value) { try { step(generator.next(value)); } catch (e) { reject(e); } }\n        function rejected(value) { try { step(generator[\"throw\"](value)); } catch (e) { reject(e); } }\n        function step(result) { result.done ? resolve(result.value) : new P(function (resolve) { resolve(result.value); }).then(fulfilled, rejected); }\n        step((generator = generator.apply(thisArg, _arguments || [])).next());\n    });\n};\nvar __generator = (this && this.__generator) || function (thisArg, body) {\n    var _ = { label: 0, sent: function() { if (t[0] & 1) throw t[1]; return t[1]; }, trys: [], ops: [] }, f, y, t, g;\n    return g = { next: verb(0), \"throw\": verb(1), \"return\": verb(2) }, typeof Symbol === \"function\" && (g[Symbol.iterator] = function() { return this; }), g;\n    function verb(n) { return function (v) { return step([n, v]); }; }\n    function step(op) {\n        if (f) throw new TypeError(\"Generator is already executing.\");\n        while (_) try {\n            if (f = 1, y && (t = y[op[0] & 2 ? \"return\" : op[0] ? \"throw\" : \"next\"]) && !(t = t.call(y, op[1])).done) return t;\n            if (y = 0, t) op = [0, t.value];\n            switch (op[0]) {\n                case 0: case 1: t = op; break;\n                case 4: _.label++; return { value: op[1], done: false };\n                case 5: _.label++; y = op[1]; op = [0]; continue;\n                case 7: op = _.ops.pop(); _.trys.pop(); continue;\n                default:\n                    if (!(t = _.trys, t = t.length > 0 && t[t.length - 1]) && (op[0] === 6 || op[0] === 2)) { _ = 0; continue; }\n                    if (op[0] === 3 && (!t || (op[1] > t[0] && op[1] < t[3]))) { _.label = op[1]; break; }\n                    if (op[0] === 6 && _.label < t[1]) { _.label = t[1]; t = op; break; }\n                    if (t && _.label < t[2]) { _.label = t[2]; _.ops.push(op); break; }\n                    if (t[2]) _.ops.pop();\n                    _.trys.pop(); continue;\n            }\n            op = body.call(thisArg, _);\n        } catch (e) { op = [6, e]; y = 0; } finally { f = t = 0; }\n        if (op[0] & 5) throw op[1]; return { value: op[0] ? op[1] : void 0, done: true };\n    }\n};\nObject.defineProperty(exports, \"__esModule\", { value: true });\nrequire(\"rxjs/add/observable/fromPromise\");\nvar axios_1 = require(\"axios\");\nvar ApiCore = /** @class */ (function () {\n    function ApiCore(apiConfig) {\n        this._apiConfig = apiConfig;\n        this._AXIOS = generateAxiosInstance(this._apiConfig);\n        this._AXIOS_FORM = generateFormDataAxiosInstance(this._apiConfig);\n    }\n    ApiCore.prototype.delete = function (urlPath) {\n        return __awaiter(this, void 0, void 0, function () {\n            var res, error_1;\n            return __generator(this, function (_a) {\n                switch (_a.label) {\n                    case 0:\n                        _a.trys.push([0, 2, , 3]);\n                        return [4 /*yield*/, this._AXIOS.delete(urlPath)];\n                    case 1:\n                        res = _a.sent();\n                        return [2 /*return*/, res.data];\n                    case 2:\n                        error_1 = _a.sent();\n                        //handleErrors(error);\n                        throw error_1;\n                    case 3: return [2 /*return*/];\n                }\n            });\n        });\n    };\n    ApiCore.prototype.get = function (urlPath, params) {\n        return __awaiter(this, void 0, void 0, function () {\n            var res, error_2;\n            return __generator(this, function (_a) {\n                switch (_a.label) {\n                    case 0:\n                        _a.trys.push([0, 2, , 3]);\n                        return [4 /*yield*/, this._AXIOS.get(urlPath, { params: params })];\n                    case 1:\n                        res = _a.sent();\n                        return [2 /*return*/, res.data];\n                    case 2:\n                        error_2 = _a.sent();\n                        handleErrors(error_2);\n                        return [3 /*break*/, 3];\n                    case 3: return [2 /*return*/];\n                }\n            });\n        });\n    };\n    ApiCore.prototype.patch = function (urlPath, data) {\n        return __awaiter(this, void 0, void 0, function () {\n            var res, error_3;\n            return __generator(this, function (_a) {\n                switch (_a.label) {\n                    case 0:\n                        _a.trys.push([0, 2, , 3]);\n                        return [4 /*yield*/, this._AXIOS.patch(urlPath, data)];\n                    case 1:\n                        res = _a.sent();\n                        return [2 /*return*/, res.data];\n                    case 2:\n                        error_3 = _a.sent();\n                        handleErrors(error_3);\n                        throw error_3;\n                    case 3: return [2 /*return*/];\n                }\n            });\n        });\n    };\n    ApiCore.prototype.post = function (urlPath, data) {\n        return __awaiter(this, void 0, void 0, function () {\n            var res, error_4;\n            return __generator(this, function (_a) {\n                switch (_a.label) {\n                    case 0:\n                        _a.trys.push([0, 2, , 3]);\n                        return [4 /*yield*/, this._AXIOS.post(urlPath, data)];\n                    case 1:\n                        res = _a.sent();\n                        return [2 /*return*/, res.data];\n                    case 2:\n                        error_4 = _a.sent();\n                        //handleErrors(error);\n                        throw error_4;\n                    case 3: return [2 /*return*/];\n                }\n            });\n        });\n    };\n    ApiCore.prototype.postFormData = function (urlPath, data) {\n        return __awaiter(this, void 0, void 0, function () {\n            var res, error_5;\n            return __generator(this, function (_a) {\n                switch (_a.label) {\n                    case 0:\n                        _a.trys.push([0, 2, , 3]);\n                        return [4 /*yield*/, this._AXIOS_FORM.post(urlPath, getFormData(data))];\n                    case 1:\n                        res = _a.sent();\n                        return [2 /*return*/, res.data];\n                    case 2:\n                        error_5 = _a.sent();\n                        //handleErrors(error);\n                        throw error_5;\n                    case 3: return [2 /*return*/];\n                }\n            });\n        });\n    };\n    ApiCore.prototype.put = function (urlPath, data) {\n        return __awaiter(this, void 0, void 0, function () {\n            var res, error_6;\n            return __generator(this, function (_a) {\n                switch (_a.label) {\n                    case 0:\n                        _a.trys.push([0, 2, , 3]);\n                        return [4 /*yield*/, this._AXIOS.put(urlPath, data)];\n                    case 1:\n                        res = _a.sent();\n                        return [2 /*return*/, res.data];\n                    case 2:\n                        error_6 = _a.sent();\n                        handleErrors(error_6);\n                        return [3 /*break*/, 3];\n                    case 3: return [2 /*return*/];\n                }\n            });\n        });\n    };\n    ApiCore.prototype.refreshApiInstance = function (newConfig) {\n        this._apiConfig = newConfig;\n        this._AXIOS = generateAxiosInstance(this._apiConfig);\n        this._AXIOS_FORM = generateFormDataAxiosInstance(this._apiConfig);\n    };\n    /* public get axios instance for testing purposes */\n    ApiCore.prototype.getAxiosInstance = function () {\n        return this._AXIOS;\n    };\n    return ApiCore;\n}());\nexports.default = ApiCore;\nfunction generateAxiosInstance(apiConfig) {\n    return axios_1.default.create(apiConfig);\n}\nfunction generateFormDataAxiosInstance(apiConfig) {\n    var formDataConfig = apiConfig;\n    formDataConfig.headers['Content-Type'] = 'application/x-www-form-urlencoded';\n    return generateAxiosInstance(formDataConfig);\n}\nfunction getFormData(object) {\n    var formData = new FormData();\n    Object.keys(object).forEach(function (key) { return formData.append(key, object[key]); });\n    return formData;\n}\nfunction handleErrors(error) {\n    if (error.response) {\n        console.log(error.response.data);\n        console.log(error.response.status);\n        console.log(error.response.headers);\n    }\n    else if (error.request) {\n        console.log(error.request);\n    }\n    else {\n        console.log('Api Core Error', error.message);\n    }\n    console.log(error.config);\n}\n//# sourceMappingURL=index.js.map"]},"_coverageSchema":"332fd63041d2c1bcb487cc26dd0d5f7d97098a6c","hash":"8a08c9ad57aece110ba45c7f5f84ecebbbfb8826"}
,"/Users/williestreeter/WebstormProjects/react/ws-react-login/dist/src/data-layer/api/axios-wrapper/index.js": {"path":"/Users/williestreeter/WebstormProjects/react/ws-react-login/dist/src/data-layer/api/axios-wrapper/index.js","statementMap":{"0":{"start":{"line":2,"column":16},"end":{"line":19,"column":1}},"1":{"start":{"line":3,"column":4},"end":{"line":18,"column":7}},"2":{"start":{"line":4,"column":36},"end":{"line":9,"column":9}},"3":{"start":{"line":5,"column":12},"end":{"line":5,"column":40}},"4":{"start":{"line":8,"column":12},"end":{"line":8,"column":22}},"5":{"start":{"line":10,"column":35},"end":{"line":15,"column":9}},"6":{"start":{"line":11,"column":12},"end":{"line":11,"column":44}},"7":{"start":{"line":14,"column":12},"end":{"line":14,"column":22}},"8":{"start":{"line":16,"column":32},"end":{"line":16,"column":149}},"9":{"start":{"line":16,"column":97},"end":{"line":16,"column":119}},"10":{"start":{"line":17,"column":8},"end":{"line":17,"column":78}},"11":{"start":{"line":20,"column":18},"end":{"line":88,"column":1}},"12":{"start":{"line":21,"column":12},"end":{"line":22,"column":59}},"13":{"start":{"line":21,"column":44},"end":{"line":22,"column":23}},"14":{"start":{"line":22,"column":12},"end":{"line":22,"column":23}},"15":{"start":{"line":22,"column":24},"end":{"line":22,"column":36}},"16":{"start":{"line":23,"column":4},"end":{"line":23,"column":158}},"17":{"start":{"line":23,"column":139},"end":{"line":23,"column":151}},"18":{"start":{"line":24,"column":23},"end":{"line":24,"column":68}},"19":{"start":{"line":24,"column":45},"end":{"line":24,"column":65}},"20":{"start":{"line":26,"column":8},"end":{"line":27,"column":67}},"21":{"start":{"line":27,"column":12},"end":{"line":27,"column":67}},"22":{"start":{"line":28,"column":8},"end":{"line":83,"column":13}},"23":{"start":{"line":29,"column":12},"end":{"line":83,"column":13}},"24":{"start":{"line":30,"column":16},"end":{"line":31,"column":29}},"25":{"start":{"line":31,"column":20},"end":{"line":31,"column":29}},"26":{"start":{"line":32,"column":16},"end":{"line":33,"column":38}},"27":{"start":{"line":33,"column":20},"end":{"line":33,"column":38}},"28":{"start":{"line":34,"column":16},"end":{"line":74,"column":17}},"29":{"start":{"line":37,"column":24},"end":{"line":37,"column":31}},"30":{"start":{"line":38,"column":24},"end":{"line":38,"column":30}},"31":{"start":{"line":40,"column":24},"end":{"line":40,"column":34}},"32":{"start":{"line":41,"column":24},"end":{"line":41,"column":61}},"33":{"start":{"line":43,"column":24},"end":{"line":43,"column":34}},"34":{"start":{"line":44,"column":24},"end":{"line":44,"column":34}},"35":{"start":{"line":45,"column":24},"end":{"line":45,"column":33}},"36":{"start":{"line":46,"column":24},"end":{"line":46,"column":33}},"37":{"start":{"line":48,"column":24},"end":{"line":48,"column":41}},"38":{"start":{"line":49,"column":24},"end":{"line":49,"column":37}},"39":{"start":{"line":50,"column":24},"end":{"line":50,"column":33}},"40":{"start":{"line":52,"column":24},"end":{"line":55,"column":25}},"41":{"start":{"line":53,"column":28},"end":{"line":53,"column":34}},"42":{"start":{"line":54,"column":28},"end":{"line":54,"column":37}},"43":{"start":{"line":56,"column":24},"end":{"line":59,"column":25}},"44":{"start":{"line":57,"column":28},"end":{"line":57,"column":44}},"45":{"start":{"line":58,"column":28},"end":{"line":58,"column":34}},"46":{"start":{"line":60,"column":24},"end":{"line":64,"column":25}},"47":{"start":{"line":61,"column":28},"end":{"line":61,"column":43}},"48":{"start":{"line":62,"column":28},"end":{"line":62,"column":35}},"49":{"start":{"line":63,"column":28},"end":{"line":63,"column":34}},"50":{"start":{"line":65,"column":24},"end":{"line":69,"column":25}},"51":{"start":{"line":66,"column":28},"end":{"line":66,"column":43}},"52":{"start":{"line":67,"column":28},"end":{"line":67,"column":43}},"53":{"start":{"line":68,"column":28},"end":{"line":68,"column":34}},"54":{"start":{"line":70,"column":24},"end":{"line":71,"column":40}},"55":{"start":{"line":71,"column":28},"end":{"line":71,"column":40}},"56":{"start":{"line":72,"column":24},"end":{"line":72,"column":37}},"57":{"start":{"line":73,"column":24},"end":{"line":73,"column":33}},"58":{"start":{"line":75,"column":16},"end":{"line":75,"column":43}},"59":{"start":{"line":78,"column":16},"end":{"line":78,"column":28}},"60":{"start":{"line":79,"column":16},"end":{"line":79,"column":22}},"61":{"start":{"line":82,"column":16},"end":{"line":82,"column":26}},"62":{"start":{"line":84,"column":8},"end":{"line":85,"column":24}},"63":{"start":{"line":85,"column":12},"end":{"line":85,"column":24}},"64":{"start":{"line":86,"column":8},"end":{"line":86,"column":61}},"65":{"start":{"line":89,"column":0},"end":{"line":89,"column":62}},"66":{"start":{"line":90,"column":0},"end":{"line":90,"column":43}},"67":{"start":{"line":91,"column":14},"end":{"line":91,"column":30}},"68":{"start":{"line":92,"column":15},"end":{"line":228,"column":3}},"69":{"start":{"line":94,"column":8},"end":{"line":94,"column":36}},"70":{"start":{"line":95,"column":8},"end":{"line":95,"column":61}},"71":{"start":{"line":96,"column":8},"end":{"line":96,"column":74}},"72":{"start":{"line":98,"column":4},"end":{"line":117,"column":6}},"73":{"start":{"line":99,"column":8},"end":{"line":116,"column":11}},"74":{"start":{"line":101,"column":12},"end":{"line":115,"column":15}},"75":{"start":{"line":102,"column":16},"end":{"line":114,"column":17}},"76":{"start":{"line":104,"column":24},"end":{"line":104,"column":50}},"77":{"start":{"line":105,"column":24},"end":{"line":105,"column":74}},"78":{"start":{"line":107,"column":24},"end":{"line":107,"column":40}},"79":{"start":{"line":108,"column":24},"end":{"line":108,"column":56}},"80":{"start":{"line":110,"column":24},"end":{"line":110,"column":44}},"81":{"start":{"line":112,"column":24},"end":{"line":112,"column":38}},"82":{"start":{"line":113,"column":28},"end":{"line":113,"column":50}},"83":{"start":{"line":118,"column":4},"end":{"line":137,"column":6}},"84":{"start":{"line":119,"column":8},"end":{"line":136,"column":11}},"85":{"start":{"line":121,"column":12},"end":{"line":135,"column":15}},"86":{"start":{"line":122,"column":16},"end":{"line":134,"column":17}},"87":{"start":{"line":124,"column":24},"end":{"line":124,"column":50}},"88":{"start":{"line":125,"column":24},"end":{"line":125,"column":91}},"89":{"start":{"line":127,"column":24},"end":{"line":127,"column":40}},"90":{"start":{"line":128,"column":24},"end":{"line":128,"column":56}},"91":{"start":{"line":130,"column":24},"end":{"line":130,"column":44}},"92":{"start":{"line":131,"column":24},"end":{"line":131,"column":46}},"93":{"start":{"line":132,"column":24},"end":{"line":132,"column":48}},"94":{"start":{"line":133,"column":28},"end":{"line":133,"column":50}},"95":{"start":{"line":138,"column":4},"end":{"line":157,"column":6}},"96":{"start":{"line":139,"column":8},"end":{"line":156,"column":11}},"97":{"start":{"line":141,"column":12},"end":{"line":155,"column":15}},"98":{"start":{"line":142,"column":16},"end":{"line":154,"column":17}},"99":{"start":{"line":144,"column":24},"end":{"line":144,"column":50}},"100":{"start":{"line":145,"column":24},"end":{"line":145,"column":79}},"101":{"start":{"line":147,"column":24},"end":{"line":147,"column":40}},"102":{"start":{"line":148,"column":24},"end":{"line":148,"column":56}},"103":{"start":{"line":150,"column":24},"end":{"line":150,"column":44}},"104":{"start":{"line":151,"column":24},"end":{"line":151,"column":46}},"105":{"start":{"line":152,"column":24},"end":{"line":152,"column":38}},"106":{"start":{"line":153,"column":28},"end":{"line":153,"column":50}},"107":{"start":{"line":158,"column":4},"end":{"line":177,"column":6}},"108":{"start":{"line":159,"column":8},"end":{"line":176,"column":11}},"109":{"start":{"line":161,"column":12},"end":{"line":175,"column":15}},"110":{"start":{"line":162,"column":16},"end":{"line":174,"column":17}},"111":{"start":{"line":164,"column":24},"end":{"line":164,"column":50}},"112":{"start":{"line":165,"column":24},"end":{"line":165,"column":78}},"113":{"start":{"line":167,"column":24},"end":{"line":167,"column":40}},"114":{"start":{"line":168,"column":24},"end":{"line":168,"column":56}},"115":{"start":{"line":170,"column":24},"end":{"line":170,"column":44}},"116":{"start":{"line":172,"column":24},"end":{"line":172,"column":38}},"117":{"start":{"line":173,"column":28},"end":{"line":173,"column":50}},"118":{"start":{"line":178,"column":4},"end":{"line":197,"column":6}},"119":{"start":{"line":179,"column":8},"end":{"line":196,"column":11}},"120":{"start":{"line":181,"column":12},"end":{"line":195,"column":15}},"121":{"start":{"line":182,"column":16},"end":{"line":194,"column":17}},"122":{"start":{"line":184,"column":24},"end":{"line":184,"column":50}},"123":{"start":{"line":185,"column":24},"end":{"line":185,"column":96}},"124":{"start":{"line":187,"column":24},"end":{"line":187,"column":40}},"125":{"start":{"line":188,"column":24},"end":{"line":188,"column":56}},"126":{"start":{"line":190,"column":24},"end":{"line":190,"column":44}},"127":{"start":{"line":192,"column":24},"end":{"line":192,"column":38}},"128":{"start":{"line":193,"column":28},"end":{"line":193,"column":50}},"129":{"start":{"line":198,"column":4},"end":{"line":217,"column":6}},"130":{"start":{"line":199,"column":8},"end":{"line":216,"column":11}},"131":{"start":{"line":201,"column":12},"end":{"line":215,"column":15}},"132":{"start":{"line":202,"column":16},"end":{"line":214,"column":17}},"133":{"start":{"line":204,"column":24},"end":{"line":204,"column":50}},"134":{"start":{"line":205,"column":24},"end":{"line":205,"column":77}},"135":{"start":{"line":207,"column":24},"end":{"line":207,"column":40}},"136":{"start":{"line":208,"column":24},"end":{"line":208,"column":56}},"137":{"start":{"line":210,"column":24},"end":{"line":210,"column":44}},"138":{"start":{"line":211,"column":24},"end":{"line":211,"column":46}},"139":{"start":{"line":212,"column":24},"end":{"line":212,"column":48}},"140":{"start":{"line":213,"column":28},"end":{"line":213,"column":50}},"141":{"start":{"line":218,"column":4},"end":{"line":222,"column":6}},"142":{"start":{"line":219,"column":8},"end":{"line":219,"column":36}},"143":{"start":{"line":220,"column":8},"end":{"line":220,"column":61}},"144":{"start":{"line":221,"column":8},"end":{"line":221,"column":74}},"145":{"start":{"line":224,"column":4},"end":{"line":226,"column":6}},"146":{"start":{"line":225,"column":8},"end":{"line":225,"column":27}},"147":{"start":{"line":227,"column":4},"end":{"line":227,"column":19}},"148":{"start":{"line":229,"column":0},"end":{"line":229,"column":26}},"149":{"start":{"line":231,"column":4},"end":{"line":231,"column":45}},"150":{"start":{"line":234,"column":25},"end":{"line":234,"column":34}},"151":{"start":{"line":235,"column":4},"end":{"line":235,"column":81}},"152":{"start":{"line":236,"column":4},"end":{"line":236,"column":49}},"153":{"start":{"line":239,"column":19},"end":{"line":239,"column":33}},"154":{"start":{"line":240,"column":4},"end":{"line":240,"column":94}},"155":{"start":{"line":240,"column":49},"end":{"line":240,"column":90}},"156":{"start":{"line":241,"column":4},"end":{"line":241,"column":20}},"157":{"start":{"line":244,"column":4},"end":{"line":254,"column":5}},"158":{"start":{"line":245,"column":8},"end":{"line":245,"column":41}},"159":{"start":{"line":246,"column":8},"end":{"line":246,"column":43}},"160":{"start":{"line":247,"column":8},"end":{"line":247,"column":44}},"161":{"start":{"line":249,"column":9},"end":{"line":254,"column":5}},"162":{"start":{"line":250,"column":8},"end":{"line":250,"column":35}},"163":{"start":{"line":253,"column":8},"end":{"line":253,"column":53}},"164":{"start":{"line":255,"column":4},"end":{"line":255,"column":30}}},"fnMap":{"0":{"name":"(anonymous_0)","decl":{"start":{"line":2,"column":44},"end":{"line":2,"column":45}},"loc":{"start":{"line":2,"column":89},"end":{"line":19,"column":1}},"line":2},"1":{"name":"(anonymous_1)","decl":{"start":{"line":3,"column":36},"end":{"line":3,"column":37}},"loc":{"start":{"line":3,"column":63},"end":{"line":18,"column":5}},"line":3},"2":{"name":"fulfilled","decl":{"start":{"line":4,"column":17},"end":{"line":4,"column":26}},"loc":{"start":{"line":4,"column":34},"end":{"line":9,"column":11}},"line":4},"3":{"name":"rejected","decl":{"start":{"line":10,"column":17},"end":{"line":10,"column":25}},"loc":{"start":{"line":10,"column":33},"end":{"line":15,"column":11}},"line":10},"4":{"name":"step","decl":{"start":{"line":16,"column":17},"end":{"line":16,"column":21}},"loc":{"start":{"line":16,"column":30},"end":{"line":16,"column":151}},"line":16},"5":{"name":"(anonymous_5)","decl":{"start":{"line":16,"column":76},"end":{"line":16,"column":77}},"loc":{"start":{"line":16,"column":95},"end":{"line":16,"column":121}},"line":16},"6":{"name":"(anonymous_6)","decl":{"start":{"line":20,"column":48},"end":{"line":20,"column":49}},"loc":{"start":{"line":20,"column":73},"end":{"line":88,"column":1}},"line":20},"7":{"name":"(anonymous_7)","decl":{"start":{"line":21,"column":30},"end":{"line":21,"column":31}},"loc":{"start":{"line":21,"column":42},"end":{"line":22,"column":38}},"line":21},"8":{"name":"(anonymous_8)","decl":{"start":{"line":23,"column":125},"end":{"line":23,"column":126}},"loc":{"start":{"line":23,"column":137},"end":{"line":23,"column":153}},"line":23},"9":{"name":"verb","decl":{"start":{"line":24,"column":13},"end":{"line":24,"column":17}},"loc":{"start":{"line":24,"column":21},"end":{"line":24,"column":70}},"line":24},"10":{"name":"(anonymous_10)","decl":{"start":{"line":24,"column":30},"end":{"line":24,"column":31}},"loc":{"start":{"line":24,"column":43},"end":{"line":24,"column":67}},"line":24},"11":{"name":"step","decl":{"start":{"line":25,"column":13},"end":{"line":25,"column":17}},"loc":{"start":{"line":25,"column":22},"end":{"line":87,"column":5}},"line":25},"12":{"name":"(anonymous_12)","decl":{"start":{"line":92,"column":15},"end":{"line":92,"column":16}},"loc":{"start":{"line":92,"column":27},"end":{"line":228,"column":1}},"line":92},"13":{"name":"ApiCore","decl":{"start":{"line":93,"column":13},"end":{"line":93,"column":20}},"loc":{"start":{"line":93,"column":32},"end":{"line":97,"column":5}},"line":93},"14":{"name":"(anonymous_14)","decl":{"start":{"line":98,"column":31},"end":{"line":98,"column":32}},"loc":{"start":{"line":98,"column":50},"end":{"line":117,"column":5}},"line":98},"15":{"name":"(anonymous_15)","decl":{"start":{"line":99,"column":47},"end":{"line":99,"column":48}},"loc":{"start":{"line":99,"column":59},"end":{"line":116,"column":9}},"line":99},"16":{"name":"(anonymous_16)","decl":{"start":{"line":101,"column":37},"end":{"line":101,"column":38}},"loc":{"start":{"line":101,"column":51},"end":{"line":115,"column":13}},"line":101},"17":{"name":"(anonymous_17)","decl":{"start":{"line":118,"column":28},"end":{"line":118,"column":29}},"loc":{"start":{"line":118,"column":55},"end":{"line":137,"column":5}},"line":118},"18":{"name":"(anonymous_18)","decl":{"start":{"line":119,"column":47},"end":{"line":119,"column":48}},"loc":{"start":{"line":119,"column":59},"end":{"line":136,"column":9}},"line":119},"19":{"name":"(anonymous_19)","decl":{"start":{"line":121,"column":37},"end":{"line":121,"column":38}},"loc":{"start":{"line":121,"column":51},"end":{"line":135,"column":13}},"line":121},"20":{"name":"(anonymous_20)","decl":{"start":{"line":138,"column":30},"end":{"line":138,"column":31}},"loc":{"start":{"line":138,"column":55},"end":{"line":157,"column":5}},"line":138},"21":{"name":"(anonymous_21)","decl":{"start":{"line":139,"column":47},"end":{"line":139,"column":48}},"loc":{"start":{"line":139,"column":59},"end":{"line":156,"column":9}},"line":139},"22":{"name":"(anonymous_22)","decl":{"start":{"line":141,"column":37},"end":{"line":141,"column":38}},"loc":{"start":{"line":141,"column":51},"end":{"line":155,"column":13}},"line":141},"23":{"name":"(anonymous_23)","decl":{"start":{"line":158,"column":29},"end":{"line":158,"column":30}},"loc":{"start":{"line":158,"column":54},"end":{"line":177,"column":5}},"line":158},"24":{"name":"(anonymous_24)","decl":{"start":{"line":159,"column":47},"end":{"line":159,"column":48}},"loc":{"start":{"line":159,"column":59},"end":{"line":176,"column":9}},"line":159},"25":{"name":"(anonymous_25)","decl":{"start":{"line":161,"column":37},"end":{"line":161,"column":38}},"loc":{"start":{"line":161,"column":51},"end":{"line":175,"column":13}},"line":161},"26":{"name":"(anonymous_26)","decl":{"start":{"line":178,"column":37},"end":{"line":178,"column":38}},"loc":{"start":{"line":178,"column":62},"end":{"line":197,"column":5}},"line":178},"27":{"name":"(anonymous_27)","decl":{"start":{"line":179,"column":47},"end":{"line":179,"column":48}},"loc":{"start":{"line":179,"column":59},"end":{"line":196,"column":9}},"line":179},"28":{"name":"(anonymous_28)","decl":{"start":{"line":181,"column":37},"end":{"line":181,"column":38}},"loc":{"start":{"line":181,"column":51},"end":{"line":195,"column":13}},"line":181},"29":{"name":"(anonymous_29)","decl":{"start":{"line":198,"column":28},"end":{"line":198,"column":29}},"loc":{"start":{"line":198,"column":53},"end":{"line":217,"column":5}},"line":198},"30":{"name":"(anonymous_30)","decl":{"start":{"line":199,"column":47},"end":{"line":199,"column":48}},"loc":{"start":{"line":199,"column":59},"end":{"line":216,"column":9}},"line":199},"31":{"name":"(anonymous_31)","decl":{"start":{"line":201,"column":37},"end":{"line":201,"column":38}},"loc":{"start":{"line":201,"column":51},"end":{"line":215,"column":13}},"line":201},"32":{"name":"(anonymous_32)","decl":{"start":{"line":218,"column":43},"end":{"line":218,"column":44}},"loc":{"start":{"line":218,"column":64},"end":{"line":222,"column":5}},"line":218},"33":{"name":"(anonymous_33)","decl":{"start":{"line":224,"column":41},"end":{"line":224,"column":42}},"loc":{"start":{"line":224,"column":53},"end":{"line":226,"column":5}},"line":224},"34":{"name":"generateAxiosInstance","decl":{"start":{"line":230,"column":9},"end":{"line":230,"column":30}},"loc":{"start":{"line":230,"column":42},"end":{"line":232,"column":1}},"line":230},"35":{"name":"generateFormDataAxiosInstance","decl":{"start":{"line":233,"column":9},"end":{"line":233,"column":38}},"loc":{"start":{"line":233,"column":50},"end":{"line":237,"column":1}},"line":233},"36":{"name":"getFormData","decl":{"start":{"line":238,"column":9},"end":{"line":238,"column":20}},"loc":{"start":{"line":238,"column":29},"end":{"line":242,"column":1}},"line":238},"37":{"name":"(anonymous_37)","decl":{"start":{"line":240,"column":32},"end":{"line":240,"column":33}},"loc":{"start":{"line":240,"column":47},"end":{"line":240,"column":92}},"line":240},"38":{"name":"handleErrors","decl":{"start":{"line":243,"column":9},"end":{"line":243,"column":21}},"loc":{"start":{"line":243,"column":29},"end":{"line":256,"column":1}},"line":243}},"branchMap":{"0":{"loc":{"start":{"line":2,"column":16},"end":{"line":19,"column":1}},"type":"binary-expr","locations":[{"start":{"line":2,"column":17},"end":{"line":2,"column":21}},{"start":{"line":2,"column":25},"end":{"line":2,"column":39}},{"start":{"line":2,"column":44},"end":{"line":19,"column":1}}],"line":2},"1":{"loc":{"start":{"line":3,"column":16},"end":{"line":3,"column":34}},"type":"binary-expr","locations":[{"start":{"line":3,"column":16},"end":{"line":3,"column":17}},{"start":{"line":3,"column":22},"end":{"line":3,"column":33}}],"line":3},"2":{"loc":{"start":{"line":16,"column":32},"end":{"line":16,"column":148}},"type":"cond-expr","locations":[{"start":{"line":16,"column":46},"end":{"line":16,"column":67}},{"start":{"line":16,"column":70},"end":{"line":16,"column":148}}],"line":16},"3":{"loc":{"start":{"line":17,"column":51},"end":{"line":17,"column":67}},"type":"binary-expr","locations":[{"start":{"line":17,"column":51},"end":{"line":17,"column":61}},{"start":{"line":17,"column":65},"end":{"line":17,"column":67}}],"line":17},"4":{"loc":{"start":{"line":20,"column":18},"end":{"line":88,"column":1}},"type":"binary-expr","locations":[{"start":{"line":20,"column":19},"end":{"line":20,"column":23}},{"start":{"line":20,"column":27},"end":{"line":20,"column":43}},{"start":{"line":20,"column":48},"end":{"line":88,"column":1}}],"line":20},"5":{"loc":{"start":{"line":21,"column":44},"end":{"line":22,"column":23}},"type":"if","locations":[{"start":{"line":21,"column":44},"end":{"line":22,"column":23}},{"start":{"line":21,"column":44},"end":{"line":22,"column":23}}],"line":21},"6":{"loc":{"start":{"line":23,"column":71},"end":{"line":23,"column":154}},"type":"binary-expr","locations":[{"start":{"line":23,"column":71},"end":{"line":23,"column":99}},{"start":{"line":23,"column":104},"end":{"line":23,"column":153}}],"line":23},"7":{"loc":{"start":{"line":26,"column":8},"end":{"line":27,"column":67}},"type":"if","locations":[{"start":{"line":26,"column":8},"end":{"line":27,"column":67}},{"start":{"line":26,"column":8},"end":{"line":27,"column":67}}],"line":26},"8":{"loc":{"start":{"line":30,"column":16},"end":{"line":31,"column":29}},"type":"if","locations":[{"start":{"line":30,"column":16},"end":{"line":31,"column":29}},{"start":{"line":30,"column":16},"end":{"line":31,"column":29}}],"line":30},"9":{"loc":{"start":{"line":30,"column":27},"end":{"line":30,"column":120}},"type":"binary-expr","locations":[{"start":{"line":30,"column":27},"end":{"line":30,"column":28}},{"start":{"line":30,"column":33},"end":{"line":30,"column":87}},{"start":{"line":30,"column":92},"end":{"line":30,"column":120}}],"line":30},"10":{"loc":{"start":{"line":30,"column":39},"end":{"line":30,"column":86}},"type":"cond-expr","locations":[{"start":{"line":30,"column":51},"end":{"line":30,"column":59}},{"start":{"line":30,"column":62},"end":{"line":30,"column":86}}],"line":30},"11":{"loc":{"start":{"line":30,"column":62},"end":{"line":30,"column":86}},"type":"cond-expr","locations":[{"start":{"line":30,"column":70},"end":{"line":30,"column":77}},{"start":{"line":30,"column":80},"end":{"line":30,"column":86}}],"line":30},"12":{"loc":{"start":{"line":32,"column":16},"end":{"line":33,"column":38}},"type":"if","locations":[{"start":{"line":32,"column":16},"end":{"line":33,"column":38}},{"start":{"line":32,"column":16},"end":{"line":33,"column":38}}],"line":32},"13":{"loc":{"start":{"line":34,"column":16},"end":{"line":74,"column":17}},"type":"switch","locations":[{"start":{"line":35,"column":20},"end":{"line":35,"column":27}},{"start":{"line":36,"column":20},"end":{"line":38,"column":30}},{"start":{"line":39,"column":20},"end":{"line":41,"column":61}},{"start":{"line":42,"column":20},"end":{"line":46,"column":33}},{"start":{"line":47,"column":20},"end":{"line":50,"column":33}},{"start":{"line":51,"column":20},"end":{"line":73,"column":33}}],"line":34},"14":{"loc":{"start":{"line":52,"column":24},"end":{"line":55,"column":25}},"type":"if","locations":[{"start":{"line":52,"column":24},"end":{"line":55,"column":25}},{"start":{"line":52,"column":24},"end":{"line":55,"column":25}}],"line":52},"15":{"loc":{"start":{"line":52,"column":28},"end":{"line":52,"column":110}},"type":"binary-expr","locations":[{"start":{"line":52,"column":28},"end":{"line":52,"column":78}},{"start":{"line":52,"column":83},"end":{"line":52,"column":94}},{"start":{"line":52,"column":98},"end":{"line":52,"column":109}}],"line":52},"16":{"loc":{"start":{"line":52,"column":46},"end":{"line":52,"column":77}},"type":"binary-expr","locations":[{"start":{"line":52,"column":46},"end":{"line":52,"column":58}},{"start":{"line":52,"column":62},"end":{"line":52,"column":77}}],"line":52},"17":{"loc":{"start":{"line":56,"column":24},"end":{"line":59,"column":25}},"type":"if","locations":[{"start":{"line":56,"column":24},"end":{"line":59,"column":25}},{"start":{"line":56,"column":24},"end":{"line":59,"column":25}}],"line":56},"18":{"loc":{"start":{"line":56,"column":28},"end":{"line":56,"column":81}},"type":"binary-expr","locations":[{"start":{"line":56,"column":28},"end":{"line":56,"column":39}},{"start":{"line":56,"column":44},"end":{"line":56,"column":46}},{"start":{"line":56,"column":51},"end":{"line":56,"column":63}},{"start":{"line":56,"column":67},"end":{"line":56,"column":79}}],"line":56},"19":{"loc":{"start":{"line":60,"column":24},"end":{"line":64,"column":25}},"type":"if","locations":[{"start":{"line":60,"column":24},"end":{"line":64,"column":25}},{"start":{"line":60,"column":24},"end":{"line":64,"column":25}}],"line":60},"20":{"loc":{"start":{"line":60,"column":28},"end":{"line":60,"column":57}},"type":"binary-expr","locations":[{"start":{"line":60,"column":28},"end":{"line":60,"column":39}},{"start":{"line":60,"column":43},"end":{"line":60,"column":57}}],"line":60},"21":{"loc":{"start":{"line":65,"column":24},"end":{"line":69,"column":25}},"type":"if","locations":[{"start":{"line":65,"column":24},"end":{"line":69,"column":25}},{"start":{"line":65,"column":24},"end":{"line":69,"column":25}}],"line":65},"22":{"loc":{"start":{"line":65,"column":28},"end":{"line":65,"column":47}},"type":"binary-expr","locations":[{"start":{"line":65,"column":28},"end":{"line":65,"column":29}},{"start":{"line":65,"column":33},"end":{"line":65,"column":47}}],"line":65},"23":{"loc":{"start":{"line":70,"column":24},"end":{"line":71,"column":40}},"type":"if","locations":[{"start":{"line":70,"column":24},"end":{"line":71,"column":40}},{"start":{"line":70,"column":24},"end":{"line":71,"column":40}}],"line":70},"24":{"loc":{"start":{"line":84,"column":8},"end":{"line":85,"column":24}},"type":"if","locations":[{"start":{"line":84,"column":8},"end":{"line":85,"column":24}},{"start":{"line":84,"column":8},"end":{"line":85,"column":24}}],"line":84},"25":{"loc":{"start":{"line":86,"column":24},"end":{"line":86,"column":46}},"type":"cond-expr","locations":[{"start":{"line":86,"column":32},"end":{"line":86,"column":37}},{"start":{"line":86,"column":40},"end":{"line":86,"column":46}}],"line":86},"26":{"loc":{"start":{"line":102,"column":16},"end":{"line":114,"column":17}},"type":"switch","locations":[{"start":{"line":103,"column":20},"end":{"line":105,"column":74}},{"start":{"line":106,"column":20},"end":{"line":108,"column":56}},{"start":{"line":109,"column":20},"end":{"line":112,"column":38}},{"start":{"line":113,"column":20},"end":{"line":113,"column":50}}],"line":102},"27":{"loc":{"start":{"line":122,"column":16},"end":{"line":134,"column":17}},"type":"switch","locations":[{"start":{"line":123,"column":20},"end":{"line":125,"column":91}},{"start":{"line":126,"column":20},"end":{"line":128,"column":56}},{"start":{"line":129,"column":20},"end":{"line":132,"column":48}},{"start":{"line":133,"column":20},"end":{"line":133,"column":50}}],"line":122},"28":{"loc":{"start":{"line":142,"column":16},"end":{"line":154,"column":17}},"type":"switch","locations":[{"start":{"line":143,"column":20},"end":{"line":145,"column":79}},{"start":{"line":146,"column":20},"end":{"line":148,"column":56}},{"start":{"line":149,"column":20},"end":{"line":152,"column":38}},{"start":{"line":153,"column":20},"end":{"line":153,"column":50}}],"line":142},"29":{"loc":{"start":{"line":162,"column":16},"end":{"line":174,"column":17}},"type":"switch","locations":[{"start":{"line":163,"column":20},"end":{"line":165,"column":78}},{"start":{"line":166,"column":20},"end":{"line":168,"column":56}},{"start":{"line":169,"column":20},"end":{"line":172,"column":38}},{"start":{"line":173,"column":20},"end":{"line":173,"column":50}}],"line":162},"30":{"loc":{"start":{"line":182,"column":16},"end":{"line":194,"column":17}},"type":"switch","locations":[{"start":{"line":183,"column":20},"end":{"line":185,"column":96}},{"start":{"line":186,"column":20},"end":{"line":188,"column":56}},{"start":{"line":189,"column":20},"end":{"line":192,"column":38}},{"start":{"line":193,"column":20},"end":{"line":193,"column":50}}],"line":182},"31":{"loc":{"start":{"line":202,"column":16},"end":{"line":214,"column":17}},"type":"switch","locations":[{"start":{"line":203,"column":20},"end":{"line":205,"column":77}},{"start":{"line":206,"column":20},"end":{"line":208,"column":56}},{"start":{"line":209,"column":20},"end":{"line":212,"column":48}},{"start":{"line":213,"column":20},"end":{"line":213,"column":50}}],"line":202},"32":{"loc":{"start":{"line":244,"column":4},"end":{"line":254,"column":5}},"type":"if","locations":[{"start":{"line":244,"column":4},"end":{"line":254,"column":5}},{"start":{"line":244,"column":4},"end":{"line":254,"column":5}}],"line":244},"33":{"loc":{"start":{"line":249,"column":9},"end":{"line":254,"column":5}},"type":"if","locations":[{"start":{"line":249,"column":9},"end":{"line":254,"column":5}},{"start":{"line":249,"column":9},"end":{"li
[...]
n":53},"end":{"line":165,"column":5}},"line":146},"30":{"name":"(anonymous_30)","decl":{"start":{"line":147,"column":47},"end":{"line":147,"column":48}},"loc":{"start":{"line":147,"column":59},"end":{"line":164,"column":9}},"line":147},"31":{"name":"(anonymous_31)","decl":{"start":{"line":149,"column":37},"end":{"line":149,"column":38}},"loc":{"start":{"line":149,"column":51},"end":{"line":163,"column":13}},"line":149},"32":{"name":"(anonymous_32)","decl":{"start":{"line":166,"column":43},"end":{"line":166,"column":44}},"loc":{"start":{"line":166,"column":64},"end":{"line":170,"column":5}},"line":166},"33":{"name":"(anonymous_33)","decl":{"start":{"line":172,"column":41},"end":{"line":172,"column":42}},"loc":{"start":{"line":172,"column":53},"end":{"line":174,"column":5}},"line":172},"34":{"name":"generateAxiosInstance","decl":{"start":{"line":178,"column":9},"end":{"line":178,"column":30}},"loc":{"start":{"line":178,"column":42},"end":{"line":180,"column":1}},"line":178},"35":{"name":"generateFormDataAxiosInstance","decl":{"start":{"line":181,"column":9},"end":{"line":181,"column":38}},"loc":{"start":{"line":181,"column":50},"end":{"line":185,"column":1}},"line":181},"36":{"name":"getFormData","decl":{"start":{"line":186,"column":9},"end":{"line":186,"column":20}},"loc":{"start":{"line":186,"column":29},"end":{"line":190,"column":1}},"line":186},"37":{"name":"(anonymous_37)","decl":{"start":{"line":188,"column":32},"end":{"line":188,"column":33}},"loc":{"start":{"line":188,"column":47},"end":{"line":188,"column":92}},"line":188},"38":{"name":"handleErrors","decl":{"start":{"line":191,"column":9},"end":{"line":191,"column":21}},"loc":{"start":{"line":191,"column":29},"end":{"line":204,"column":1}},"line":191}},"branchMap":{"0":{"loc":{"start":{"line":2,"column":16},"end":{"line":9,"column":1}},"type":"binary-expr","locations":[{"start":{"line":2,"column":17},"end":{"line":2,"column":21}},{"start":{"line":2,"column":25},"end":{"line":2,"column":39}},{"start":{"line":2,"column":44},"end":{"line":9,"column":1}}],"line":2},"1":{"loc":{"start":{"line":3,"column":16},"end":{"line":3,"column":34}},"type":"binary-expr","locations":[{"start":{"line":3,"column":16},"end":{"line":3,"column":17}},{"start":{"line":3,"column":22},"end":{"line":3,"column":33}}],"line":3},"2":{"loc":{"start":{"line":6,"column":32},"end":{"line":6,"column":148}},"type":"cond-expr","locations":[{"start":{"line":6,"column":46},"end":{"line":6,"column":67}},{"start":{"line":6,"column":70},"end":{"line":6,"column":148}}],"line":6},"3":{"loc":{"start":{"line":7,"column":51},"end":{"line":7,"column":67}},"type":"binary-expr","locations":[{"start":{"line":7,"column":51},"end":{"line":7,"column":61}},{"start":{"line":7,"column":65},"end":{"line":7,"column":67}}],"line":7},"4":{"loc":{"start":{"line":10,"column":18},"end":{"line":36,"column":1}},"type":"binary-expr","locations":[{"start":{"line":10,"column":19},"end":{"line":10,"column":23}},{"start":{"line":10,"column":27},"end":{"line":10,"column":43}},{"start":{"line":10,"column":48},"end":{"line":36,"column":1}}],"line":10},"5":{"loc":{"start":{"line":11,"column":43},"end":{"line":11,"column":68}},"type":"if","locations":[{"start":{"line":11,"column":43},"end":{"line":11,"column":68}},{"start":{"line":11,"column":43},"end":{"line":11,"column":68}}],"line":11},"6":{"loc":{"start":{"line":12,"column":71},"end":{"line":12,"column":153}},"type":"binary-expr","locations":[{"start":{"line":12,"column":71},"end":{"line":12,"column":99}},{"start":{"line":12,"column":104},"end":{"line":12,"column":152}}],"line":12},"7":{"loc":{"start":{"line":15,"column":8},"end":{"line":15,"column":70}},"type":"if","locations":[{"start":{"line":15,"column":8},"end":{"line":15,"column":70}},{"start":{"line":15,"column":8},"end":{"line":15,"column":70}}],"line":15},"8":{"loc":{"start":{"line":17,"column":12},"end":{"line":17,"column":127}},"type":"if","locations":[{"start":{"line":17,"column":12},"end":{"line":17,"column":127}},{"start":{"line":17,"column":12},"end":{"line":17,"column":127}}],"line":17},"9":{"loc":{"start":{"line":17,"column":23},"end":{"line":17,"column":116}},"type":"binary-expr","locations":[{"start":{"line":17,"column":23},"end":{"line":17,"column":24}},{"start":{"line":17,"column":29},"end":{"line":17,"column":83}},{"start":{"line":17,"column":88},"end":{"line":17,"column":116}}],"line":17},"10":{"loc":{"start":{"line":17,"column":35},"end":{"line":17,"column":82}},"type":"cond-expr","locations":[{"start":{"line":17,"column":47},"end":{"line":17,"column":55}},{"start":{"line":17,"column":58},"end":{"line":17,"column":82}}],"line":17},"11":{"loc":{"start":{"line":17,"column":58},"end":{"line":17,"column":82}},"type":"cond-expr","locations":[{"start":{"line":17,"column":66},"end":{"line":17,"column":73}},{"start":{"line":17,"column":76},"end":{"line":17,"column":82}}],"line":17},"12":{"loc":{"start":{"line":18,"column":12},"end":{"line":18,"column":44}},"type":"if","locations":[{"start":{"line":18,"column":12},"end":{"line":18,"column":44}},{"start":{"line":18,"column":12},"end":{"line":18,"column":44}}],"line":18},"13":{"loc":{"start":{"line":19,"column":12},"end":{"line":31,"column":13}},"type":"switch","locations":[{"start":{"line":20,"column":16},"end":{"line":20,"column":23}},{"start":{"line":20,"column":24},"end":{"line":20,"column":46}},{"start":{"line":21,"column":16},"end":{"line":21,"column":72}},{"start":{"line":22,"column":16},"end":{"line":22,"column":65}},{"start":{"line":23,"column":16},"end":{"line":23,"column":65}},{"start":{"line":24,"column":16},"end":{"line":30,"column":43}}],"line":19},"14":{"loc":{"start":{"line":25,"column":20},"end":{"line":25,"column":128}},"type":"if","locations":[{"start":{"line":25,"column":20},"end":{"line":25,"column":128}},{"start":{"line":25,"column":20},"end":{"line":25,"column":128}}],"line":25},"15":{"loc":{"start":{"line":25,"column":24},"end":{"line":25,"column":106}},"type":"binary-expr","locations":[{"start":{"line":25,"column":24},"end":{"line":25,"column":74}},{"start":{"line":25,"column":79},"end":{"line":25,"column":90}},{"start":{"line":25,"column":94},"end":{"line":25,"column":105}}],"line":25},"16":{"loc":{"start":{"line":25,"column":42},"end":{"line":25,"column":73}},"type":"binary-expr","locations":[{"start":{"line":25,"column":42},"end":{"line":25,"column":54}},{"start":{"line":25,"column":58},"end":{"line":25,"column":73}}],"line":25},"17":{"loc":{"start":{"line":26,"column":20},"end":{"line":26,"column":106}},"type":"if","locations":[{"start":{"line":26,"column":20},"end":{"line":26,"column":106}},{"start":{"line":26,"column":20},"end":{"line":26,"column":106}}],"line":26},"18":{"loc":{"start":{"line":26,"column":24},"end":{"line":26,"column":77}},"type":"binary-expr","locations":[{"start":{"line":26,"column":24},"end":{"line":26,"column":35}},{"start":{"line":26,"column":40},"end":{"line":26,"column":42}},{"start":{"line":26,"column":47},"end":{"line":26,"column":59}},{"start":{"line":26,"column":63},"end":{"line":26,"column":75}}],"line":26},"19":{"loc":{"start":{"line":27,"column":20},"end":{"line":27,"column":89}},"type":"if","locations":[{"start":{"line":27,"column":20},"end":{"line":27,"column":89}},{"start":{"line":27,"column":20},"end":{"line":27,"column":89}}],"line":27},"20":{"loc":{"start":{"line":27,"column":24},"end":{"line":27,"column":53}},"type":"binary-expr","locations":[{"start":{"line":27,"column":24},"end":{"line":27,"column":35}},{"start":{"line":27,"column":39},"end":{"line":27,"column":53}}],"line":27},"21":{"loc":{"start":{"line":28,"column":20},"end":{"line":28,"column":87}},"type":"if","locations":[{"start":{"line":28,"column":20},"end":{"line":28,"column":87}},{"start":{"line":28,"column":20},"end":{"line":28,"column":87}}],"line":28},"22":{"loc":{"start":{"line":28,"column":24},"end":{"line":28,"column":43}},"type":"binary-expr","locations":[{"start":{"line":28,"column":24},"end":{"line":28,"column":25}},{"start":{"line":28,"column":29},"end":{"line":28,"column":43}}],"line":28},"23":{"loc":{"start":{"line":29,"column":20},"end":{"line":29,"column":42}},"type":"if","locations":[{"start":{"line":29,"column":20},"end":{"line":29,"column":42}},{"start":{"line":29,"column":20},"end":{"line":29,"column":42}}],"line":29},"24":{"loc":{"start":{"line":34,"column":8},"end":{"line":34,"column":35}},"type":"if","locations":[{"start":{"line":34,"column":8},"end":{"line":34,"column":35}},{"start":{"line":34,"column":8},"end":{"line":34,"column":35}}],"line":34},"25":{"loc":{"start":{"line":34,"column":52},"end":{"line":34,"column":74}},"type":"cond-expr","locations":[{"start":{"line":34,"column":60},"end":{"line":34,"column":65}},{"start":{"line":34,"column":68},"end":{"line":34,"column":74}}],"line":34},"26":{"loc":{"start":{"line":50,"column":16},"end":{"line":62,"column":17}},"type":"switch","locations":[{"start":{"line":51,"column":20},"end":{"line":53,"column":74}},{"start":{"line":54,"column":20},"end":{"line":56,"column":56}},{"start":{"line":57,"column":20},"end":{"line":60,"column":38}},{"start":{"line":61,"column":20},"end":{"line":61,"column":50}}],"line":50},"27":{"loc":{"start":{"line":70,"column":16},"end":{"line":82,"column":17}},"type":"switch","locations":[{"start":{"line":71,"column":20},"end":{"line":73,"column":91}},{"start":{"line":74,"column":20},"end":{"line":76,"column":56}},{"start":{"line":77,"column":20},"end":{"line":80,"column":48}},{"start":{"line":81,"column":20},"end":{"line":81,"column":50}}],"line":70},"28":{"loc":{"start":{"line":90,"column":16},"end":{"line":102,"column":17}},"type":"switch","locations":[{"start":{"line":91,"column":20},"end":{"line":93,"column":79}},{"start":{"line":94,"column":20},"end":{"line":96,"column":56}},{"start":{"line":97,"column":20},"end":{"line":100,"column":38}},{"start":{"line":101,"column":20},"end":{"line":101,"column":50}}],"line":90},"29":{"loc":{"start":{"line":110,"column":16},"end":{"line":122,"column":17}},"type":"switch","locations":[{"start":{"line":111,"column":20},"end":{"line":113,"column":78}},{"start":{"line":114,"column":20},"end":{"line":116,"column":56}},{"start":{"line":117,"column":20},"end":{"line":120,"column":38}},{"start":{"line":121,"column":20},"end":{"line":121,"column":50}}],"line":110},"30":{"loc":{"start":{"line":130,"column":16},"end":{"line":142,"column":17}},"type":"switch","locations":[{"start":{"line":131,"column":20},"end":{"line":133,"column":96}},{"start":{"line":134,"column":20},"end":{"line":136,"column":56}},{"start":{"line":137,"column":20},"end":{"line":140,"column":38}},{"start":{"line":141,"column":20},"end":{"line":141,"column":50}}],"line":130},"31":{"loc":{"start":{"line":150,"column":16},"end":{"line":162,"column":17}},"type":"switch","locations":[{"start":{"line":151,"column":20},"end":{"line":153,"column":77}},{"start":{"line":154,"column":20},"end":{"line":156,"column":56}},{"start":{"line":157,"column":20},"end":{"line":160,"column":48}},{"start":{"line":161,"column":20},"end":{"line":161,"column":50}}],"line":150},"32":{"loc":{"start":{"line":192,"column":4},"end":{"line":202,"column":5}},"type":"if","locations":[{"start":{"line":192,"column":4},"end":{"line":202,"column":5}},{"start":{"line":192,"column":4},"end":{"line":202,"column":5}}],"line":192},"33":{"loc":{"start":{"line":197,"column":9},"end":{"line":202,"column":5}},"type":"if","locations":[{"start":{"line":197,"column":9},"end":{"line":202,"column":5}},{"start":{"line":197,"column":9},"end":{"line":202,"column":5}}],"line":197}},"s":{"0":2,"1":2,"2":0,"3":0,"4":0,"5":2,"6":2,"7":2,"8":2,"9":2,"10":2,"11":2,"12":2,"13":4,"14":2,"15":2,"16":2,"17":0,"18":6,"19":4,"20":4,"21":0,"22":4,"23":12,"24":12,"25":0,"26":12,"27":0,"28":12,"29":4,"30":4,"31":2,"32":2,"33":0,"34":0,"35":0,"36":0,"37":0,"38":0,"39":0,"40":6,"41":2,"42":2,"43":4,"44":0,"45":0,"46":4,"47":2,"48":2,"49":2,"50":2,"51":0,"52":0,"53":0,"54":2,"55":0,"56":2,"57":2,"58":6,"59":4,"60":4,"61":12,"62":2,"63":2,"64":0,"65":2,"66":2,"67":2,"68":2,"69":2,"70":2,"71":2,"72":2,"73":0,"74":0,"75":0,"76":0,"77":0,"78":0,"79":0,"80":0,"81":0,"82":0,"83":2,"84":0,"85":0,"86":0,"87":0,"88":0,"89":0,"90":0,"91":0,"92":0,"93":0,"94":0,"95":2,"96":0,"97":0,"98":0,"99":0,"100":0,"101":0,"102":0,"103":0,"104":0,"105":0,"106":0,"107":2,"108":2,"109":2,"110":6,"111":2,"112":2,"113":2,"114":0,"115":2,"116":2,"117":0,"118":2,"119":0,"120":0,"121":0,"122":0,"123":0,"124":0,"125":0,"126":0,"127":0,"128":0,"129":2,"130":0,"131":0,"132":0,"133":0,"134":0,"135":0,"136":0,"137":0,"138":0,"139":0,"140":0,"141":2,"142":0,"143":0,"144":0,"145":2,"146":2,"147":2,"148":2,"149":4,"150":2,"151":2,"152":2,"153":0,"154":0,"155":0,"156":0,"157":0,"158":0,"159":0,"160":0,"161":0,"162":0,"163":0,"164":0},"f":{"0":2,"1":2,"2":0,"3":2,"4":2,"5":2,"6":2,"7":4,"8":0,"9":6,"10":4,"11":4,"12":2,"13":2,"14":0,"15":0,"16":0,"17":0,"18":0,"19":0,"20":0,"21":0,"22":0,"23":2,"24":2,"25":6,"26":0,"27":0,"28":0,"29":0,"30":0,"31":0,"32":0,"33":2,"34":4,"35":2,"36":0,"37":0,"38":0},"b":{"0":[2,2,2],"1":[2,2],"2":[0,2],"3":[2,2],"4":[2,2,2],"5":[2,2],"6":[2,2],"7":[0,4],"8":[0,12],"9":[12,0,0],"10":[0,0],"11":[0,0],"12":[0,12],"13":[2,4,2,0,0,6],"14":[2,4],"15":[6,2,0],"16":[6,4],"17":[0,4],"18":[4,0,0,0],"19":[2,2],"20":[4,4],"21":[0,2],"22":[2,2],"23":[0,2],"24":[2,0],"25":[0,0],"26":[0,0,0,0],"27":[0,0,0,0],"28":[0,0,0,0],"29":[2,2,2,0],"30":[0,0,0,0],"31":[0,0,0,0],"32":[0,0],"33":[0,0]},"inputSourceMap":{"version":3,"file":"index.js","sourceRoot":"","sources":["index.ts"],"names":[],"mappings":";;;;;;;;;;;;;;;;;;;;;;;;;;;;;;;;;;;;;AACA,2CAAyC;AACzC,+BAA4F;AAE5F;IAKC,iBAAY,SAA6B;QACxC,IAAI,CAAC,UAAU,GAAG,SAAS,CAAC;QAC5B,IAAI,CAAC,MAAM,GAAG,qBAAqB,CAAC,IAAI,CAAC,UAAU,CAAC,CAAC;QACrD,IAAI,CAAC,WAAW,GAAG,6BAA6B,CAAC,IAAI,CAAC,UAAU,CAAC,CAAC;IACnE,CAAC;IAEY,wBAAM,GAAnB,UAAoB,OAAe;;;;;;;wBAErB,qBAAM,IAAI,CAAC,MAAM,CAAC,MAAM,CAAC,OAAO,CAAC,EAAA;;wBAAvC,GAAG,GAAG,SAAiC;wBAE7C,sBAAO,GAAG,CAAC,IAAI,EAAC;;;wBAEhB,sBAAsB;wBACtB,MAAM,OAAK,CAAC;;;;;KAEb;IAEY,qBAAG,GAAhB,UAAiB,OAAe,EAAE,MAAU;;;;;;;wBAE9B,qBAAM,IAAI,CAAC,MAAM,CAAC,GAAG,CAAC,OAAO,EAAE,EAAE,MAAM,QAAA,EAAE,CAAC,EAAA;;wBAAhD,GAAG,GAAG,SAA0C;wBAEtD,sBAAO,GAAG,CAAC,IAAI,EAAC;;;wBAEhB,YAAY,CAAC,OAAK,CAAC,CAAC;;;;;;KAErB;IAEY,uBAAK,GAAlB,UAAmB,OAAe,EAAE,IAAQ;;;;;;;wBAE9B,qBAAM,IAAI,CAAC,MAAM,CAAC,KAAK,CAAC,OAAO,EAAE,IAAI,CAAC,EAAA;;wBAA5C,GAAG,GAAG,SAAsC;wBAElD,sBAAO,GAAG,CAAC,IAAI,EAAC;;;wBAEhB,YAAY,CAAC,OAAK,CAAC,CAAC;wBACpB,MAAM,OAAK,CAAC;;;;;KAEb;IAEY,sBAAI,GAAjB,UAAkB,OAAe,EAAE,IAAQ;;;;;;;wBAE7B,qBAAM,IAAI,CAAC,MAAM,CAAC,IAAI,CAAC,OAAO,EAAE,IAAI,CAAC,EAAA;;wBAA3C,GAAG,GAAG,SAAqC;wBACjD,sBAAO,GAAG,CAAC,IAAI,EAAC;;;wBAEhB,sBAAsB;wBACtB,MAAM,OAAK,CAAC;;;;;KAEb;IAEY,8BAAY,GAAzB,UAA0B,OAAe,EAAE,IAAQ;;;;;;;wBAErC,qBAAM,IAAI,CAAC,WAAW,CAAC,IAAI,CAAC,OAAO,EAAE,WAAW,CAAC,IAAI,CAAC,CAAC,EAAA;;wBAA7D,GAAG,GAAG,SAAuD;wBAEnE,sBAAO,GAAG,CAAC,IAAI,EAAC;;;wBAEhB,sBAAsB;wBACtB,MAAM,OAAK,CAAC;;;;;KAEb;IAEY,qBAAG,GAAhB,UAAiB,OAAe,EAAE,IAAQ;;;;;;;wBAE5B,qBAAM,IAAI,CAAC,MAAM,CAAC,GAAG,CAAC,OAAO,EAAE,IAAI,CAAC,EAAA;;wBAA1C,GAAG,GAAG,SAAoC;wBAEhD,sBAAO,GAAG,CAAC,IAAI,EAAC;;;wBAEhB,YAAY,CAAC,OAAK,CAAC,CAAC;;;;;;KAErB;IAEM,oCAAkB,GAAzB,UAA0B,SAA6B;QACtD,IAAI,CAAC,UAAU,GAAG,SAAS,CAAC;QAC5B,IAAI,CAAC,MAAM,GAAG,qBAAqB,CAAC,IAAI,CAAC,UAAU,CAAC,CAAC;QACrD,IAAI,CAAC,WAAW,GAAG,6BAA6B,CAAC,IAAI,CAAC,UAAU,CAAC,CAAC;IACnE,CAAC;IAGD,oDAAoD;IAE7C,kCAAgB,GAAvB;QACC,MAAM,CAAC,IAAI,CAAC,MAAM,CAAC;IACpB,CAAC;IACF,cAAC;AAAD,CAAC,AAtFD,IAsFC;;AAED,+BAA+B,SAA6B;IAC3D,MAAM,CAAC,eAAK,CAAC,MAAM,CAAC,SAAS,CAAC,CAAC;AAChC,CAAC;AAED,uCAAuC,SAA6B;IACnE,IAAM,cAAc,GAAG,SAAS,CAAC;IAEjC,cAAc,CAAC,OAAO,CAAC,cAAc,CAAC,GAAG,mCAAmC,CAAC;IAE7E,MAAM,CAAC,qBAAqB,CAAC,cAAc,CAAC,CAAC;AAC9C,CAAC;AAED,qBAAqB,MAAU;IAC9B,IAAM,QAAQ,GAAa,IAAI,QAAQ,EAAE,CAAC;IAE1C,MAAM,CAAC,IAAI,CAAC,MAAM,CAAC,CAAC,OAAO,CAAC,UAAA,GAAG,IAAI,OAAA,QAAQ,CAAC,MAAM,CAAC,GAAG,EAAE,MAAM,CAAC,GAAG,CAAC,CAAC,EAAjC,CAAiC,CAAC,CAAC;IAEtE,MAAM,CAAC,QAAQ,CAAC;AACjB,CAAC;AAED,sBAAsB,KAAiB;IACtC,EAAE,CAAC,CAAC,KAAK,CAAC,QAAQ,CAAC,CAAC,CAAC;QACpB,OAAO,CAAC,GAAG,CAAC,KAAK,CAAC,QAAQ,CAAC,IAAI,CAAC,CAAC;QACjC,OAAO,CAAC,GAAG,CAAC,KAAK,CAAC,QAAQ,CAAC,MAAM,CAAC,CAAC;QACnC,OAAO,CAAC,GAAG,CAAC,KAAK,CAAC,QAAQ,CAAC,OAAO,CAAC,CAAC;IACrC,CAAC;IAAC,IAAI,CAAC,EAAE,CAAC,CAAC,KAAK,CAAC,OAAO,CAAC,CAAC,CAAC;QAC1B,OAAO,CAAC,GAAG,CAAC,KAAK,CAAC,OAAO,CAAC,CAAC;IAC5B,CAAC;IAAC,IAAI,CAAC,CAAC;QACP,OAAO,CAAC,GAAG,CAAC,gBAAgB,EAAE,KAAK,CAAC,OAAO,CAAC,CAAC;IAC9C,CAAC;IAED,OAAO,CAAC,GAAG,CAAC,KAAK,CAAC,MAAM,CAAC,CAAC;AAC3B,CAAC","sourcesContent":["import { Observable } from 'rxjs';\nimport 'rxjs/add/observable/fromPromise';\nimport axios, { AxiosError, AxiosInstance, AxiosResponse, AxiosRequestConfig } from 'axios';\n\nexport default class ApiCore {\n\tprivate _apiConfig: AxiosRequestConfig;\n\tprivate _AXIOS: AxiosInstance;\n\tprivate _AXIOS_FORM: AxiosInstance;\n\n\tconstructor(apiConfig: AxiosRequestConfig) {\n\t\tthis._apiConfig = apiConfig;\n\t\tthis._AXIOS = generateAxiosInstance(this._apiConfig);\n\t\tthis._AXIOS_FORM = generateFormDataAxiosInstance(this._apiConfig);\n\t}\n\n\tpublic async delete(urlPath: string): Promise<AxiosResponse['data']> {\n\t\ttry {\n\t\t\tconst res = await this._AXIOS.delete(urlPath);\n\n\t\t\treturn res.data;\n\t\t} catch (error) {\n\t\t\t//handleErrors(error);\n\t\t\tthrow error;\n\t\t}\n\t}\n\n\tpublic async get(urlPath: string, params:any): Promise<AxiosResponse['data']> {\n\t\ttry {\n\t\t\tconst res = await this._AXIOS.get(urlPath, { params });\n\n\t\t\treturn res.data;\n\t\t} catch (error) {\n\t\t\thandleErrors(error);\n\t\t}\n\t}\n\n\tpublic async patch(urlPath: string, data:any): Promise<AxiosResponse['data']> {\n\t\ttry {\n\t\t\tconst res = await this._AXIOS.patch(urlPath, data);\n\n\t\t\treturn res.data;\n\t\t} catch (error) {\n\t\t\thandleErrors(error);\n\t\t\tthrow error;\n\t\t}\n\t}\n\n\tpublic async post(urlPath: string, data:any): Promise<AxiosResponse['data']> {\n\t\ttry {\n\t\t\tconst res = await this._AXIOS.post(urlPath, data);\n\t\t\treturn res.data;\n\t\t} catch (error) {\n\t\t\t//handleErrors(error);\n\t\t\tthrow error;\n\t\t}\n\t}\n\n\tpublic async postFormData(urlPath: string, data:any): Promise<AxiosResponse['data']> {\n\t\ttry {\n\t\t\tconst res = await this._AXIOS_FORM.post(urlPath, getFormData(data));\n\n\t\t\treturn res.data;\n\t\t} catch (error) {\n\t\t\t//handleErrors(error);\n\t\t\tthrow error;\n\t\t}\n\t}\n\n\tpublic async put(urlPath: string, data:any): Promise<AxiosResponse['data']> {\n\t\ttry {\n\t\t\tconst res = await this._AXIOS.put(urlPath, data);\n\n\t\t\treturn res.data;\n\t\t} catch (error) {\n\t\t\thandleErrors(error);\n\t\t}\n\t}\n\n\tpublic refreshApiInstance(newConfig: AxiosRequestConfig) {\n\t\tthis._apiConfig = newConfig;\n\t\tthis._AXIOS = generateAxiosInstance(this._apiConfig);\n\t\tthis._AXIOS_FORM = generateFormDataAxiosInstance(this._apiConfig);\n\t}\n\n\n\t/* public get axios instance for testing purposes */\n\n\tpublic getAxiosInstance(): AxiosInstance{\n\t\treturn this._AXIOS;\n\t}\n}\n\nfunction generateAxiosInstance(apiConfig: AxiosRequestConfig): AxiosInstance {\n\treturn axios.create(apiConfig);\n}\n\nfunction generateFormDataAxiosInstance(apiConfig: AxiosRequestConfig): AxiosInstance {\n\tconst formDataConfig = apiConfig;\n\n\tformDataConfig.headers['Content-Type'] = 'application/x-www-form-urlencoded';\n\n\treturn generateAxiosInstance(formDataConfig);\n}\n\nfunction getFormData(object:any): FormData {\n\tconst formData: FormData = new FormData();\n\n\tObject.keys(object).forEach(key => formData.append(key, object[key]));\n\n\treturn formData;\n}\n\nfunction handleErrors(error: AxiosError): void {\n\tif (error.response) {\n\t\tconsole.log(error.response.data);\n\t\tconsole.log(error.response.status);\n\t\tconsole.log(error.response.headers);\n\t} else if (error.request) {\n\t\tconsole.log(error.request);\n\t} else {\n\t\tconsole.log('Api Core Error', error.message);\n\t}\n\n\tconsole.log(error.config);\n}\n"]},"_coverageSchema":"332fd63041d2c1bcb487cc26dd0d5f7d97098a6c","hash":"69ee4d5918da09e5eeaa89eab27f88fe9501853f"}
}
