TN:
SF:/Users/williestreeter/WebstormProjects/react/ws-react-login/dist/data-layer/api/axios-wrapper/index.js
FN:2,(anonymous_0)
FN:3,(anonymous_1)
FN:4,fulfilled
FN:10,rejected
FN:16,step
FN:16,(anonymous_5)
FN:20,(anonymous_6)
FN:21,(anonymous_7)
FN:23,(anonymous_8)
FN:24,verb
FN:24,(anonymous_10)
FN:25,step
FN:92,(anonymous_12)
FN:93,ApiCore
FN:98,(anonymous_14)
FN:99,(anonymous_15)
FN:101,(anonymous_16)
FN:118,(anonymous_17)
FN:119,(anonymous_18)
FN:121,(anonymous_19)
FN:138,(anonymous_20)
FN:139,(anonymous_21)
FN:141,(anonymous_22)
FN:158,(anonymous_23)
FN:159,(anonymous_24)
FN:161,(anonymous_25)
FN:178,(anonymous_26)
FN:179,(anonymous_27)
FN:181,(anonymous_28)
FN:198,(anonymous_29)
FN:199,(anonymous_30)
FN:201,(anonymous_31)
FN:218,(anonymous_32)
FN:224,(anonymous_33)
FN:230,generateAxiosInstance
FN:233,generateFormDataAxiosInstance
FN:238,getFormData
FN:240,(anonymous_37)
FN:243,handleErrors
FNF:39
FNH:18
FNDA:1,(anonymous_0)
FNDA:1,(anonymous_1)
FNDA:0,fulfilled
FNDA:1,rejected
FNDA:1,step
FNDA:1,(anonymous_5)
FNDA:1,(anonymous_6)
FNDA:2,(anonymous_7)
FNDA:0,(anonymous_8)
FNDA:3,verb
FNDA:2,(anonymous_10)
FNDA:2,step
FNDA:1,(anonymous_12)
FNDA:1,ApiCore
FNDA:0,(anonymous_14)
FNDA:0,(anonymous_15)
FNDA:0,(anonymous_16)
FNDA:0,(anonymous_17)
FNDA:0,(anonymous_18)
FNDA:0,(anonymous_19)
FNDA:0,(anonymous_20)
FNDA:0,(anonymous_21)
FNDA:0,(anonymous_22)
FNDA:1,(anonymous_23)
FNDA:1,(anonymous_24)
FNDA:3,(anonymous_25)
FNDA:0,(anonymous_26)
FNDA:0,(anonymous_27)
FNDA:0,(anonymous_28)
FNDA:0,(anonymous_29)
FNDA:0,(anonymous_30)
FNDA:0,(anonymous_31)
FNDA:0,(anonymous_32)
FNDA:1,(anonymous_33)
FNDA:2,generateAxiosInstance
FNDA:1,generateFormDataAxiosInstance
FNDA:0,getFormData
FNDA:0,(anonymous_37)
FNDA:0,handleErrors
DA:2,1
DA:3,1
DA:4,0
DA:5,0
DA:8,0
DA:10,1
DA:11,1
DA:14,1
DA:16,1
DA:17,1
DA:20,1
DA:21,2
DA:22,1
DA:23,1
DA:24,3
DA:26,2
DA:27,0
DA:28,2
DA:29,6
DA:30,6
DA:31,0
DA:32,6
DA:33,0
DA:34,6
DA:37,2
DA:38,2
DA:40,1
DA:41,1
DA:43,0
DA:44,0
DA:45,0
DA:46,0
DA:48,0
DA:49,0
DA:50,0
DA:52,3
DA:53,1
DA:54,1
DA:56,2
DA:57,0
DA:58,0
DA:60,2
DA:61,1
DA:62,1
DA:63,1
DA:65,1
DA:66,0
DA:67,0
DA:68,0
DA:70,1
DA:71,0
DA:72,1
DA:73,1
DA:75,3
DA:78,2
DA:79,2
DA:82,6
DA:84,1
DA:85,1
DA:86,0
DA:89,1
DA:90,1
DA:91,1
DA:92,1
DA:94,1
DA:95,1
DA:96,1
DA:98,1
DA:99,0
DA:101,0
DA:102,0
DA:104,0
DA:105,0
DA:107,0
DA:108,0
DA:110,0
DA:112,0
DA:113,0
DA:118,1
DA:119,0
DA:121,0
DA:122,0
DA:124,0
DA:125,0
DA:127,0
DA:128,0
DA:130,0
DA:131,0
DA:132,0
DA:133,0
DA:138,1
DA:139,0
DA:141,0
DA:142,0
DA:144,0
DA:145,0
DA:147,0
DA:148,0
DA:150,0
DA:151,0
DA:152,0
DA:153,0
DA:158,1
DA:159,1
DA:161,1
DA:162,3
DA:164,1
DA:165,1
DA:167,1
DA:168,0
DA:170,1
DA:172,1
DA:173,0
DA:178,1
DA:179,0
DA:181,0
DA:182,0
DA:184,0
DA:185,0
DA:187,0
DA:188,0
DA:190,0
DA:192,0
DA:193,0
DA:198,1
DA:199,0
DA:201,0
DA:202,0
DA:204,0
DA:205,0
DA:207,0
DA:208,0
DA:210,0
DA:211,0
DA:212,0
DA:213,0
DA:218,1
DA:219,0
DA:220,0
DA:221,0
DA:224,1
DA:225,1
DA:227,1
DA:229,1
DA:231,2
DA:234,1
DA:235,1
DA:236,1
DA:239,0
DA:240,0
DA:241,0
DA:244,0
DA:245,0
DA:246,0
DA:247,0
DA:249,0
DA:250,0
DA:253,0
DA:255,0
LF:159
LH:70
BRDA:2,0,0,1
BRDA:2,0,1,1
BRDA:2,0,2,1
BRDA:3,1,0,1
BRDA:3,1,1,1
BRDA:16,2,0,0
BRDA:16,2,1,1
BRDA:17,3,0,1
BRDA:17,3,1,1
BRDA:20,4,0,1
BRDA:20,4,1,1
BRDA:20,4,2,1
BRDA:21,5,0,1
BRDA:21,5,1,1
BRDA:23,6,0,1
BRDA:23,6,1,1
BRDA:26,7,0,0
BRDA:26,7,1,2
BRDA:30,8,0,0
BRDA:30,8,1,6
BRDA:30,9,0,6
BRDA:30,9,1,0
BRDA:30,9,2,0
BRDA:30,10,0,0
BRDA:30,10,1,0
BRDA:30,11,0,0
BRDA:30,11,1,0
BRDA:32,12,0,0
BRDA:32,12,1,6
BRDA:34,13,0,1
BRDA:34,13,1,2
BRDA:34,13,2,1
BRDA:34,13,3,0
BRDA:34,13,4,0
BRDA:34,13,5,3
BRDA:52,14,0,1
BRDA:52,14,1,2
BRDA:52,15,0,3
BRDA:52,15,1,1
BRDA:52,15,2,0
BRDA:52,16,0,3
BRDA:52,16,1,2
BRDA:56,17,0,0
BRDA:56,17,1,2
BRDA:56,18,0,2
BRDA:56,18,1,0
BRDA:56,18,2,0
BRDA:56,18,3,0
BRDA:60,19,0,1
BRDA:60,19,1,1
BRDA:60,20,0,2
BRDA:60,20,1,2
BRDA:65,21,0,0
BRDA:65,21,1,1
BRDA:65,22,0,1
BRDA:65,22,1,1
BRDA:70,23,0,0
BRDA:70,23,1,1
BRDA:84,24,0,1
BRDA:84,24,1,0
BRDA:86,25,0,0
BRDA:86,25,1,0
BRDA:102,26,0,0
BRDA:102,26,1,0
BRDA:102,26,2,0
BRDA:102,26,3,0
BRDA:122,27,0,0
BRDA:122,27,1,0
BRDA:122,27,2,0
BRDA:122,27,3,0
BRDA:142,28,0,0
BRDA:142,28,1,0
BRDA:142,28,2,0
BRDA:142,28,3,0
BRDA:162,29,0,1
BRDA:162,29,1,1
BRDA:162,29,2,1
BRDA:162,29,3,0
BRDA:182,30,0,0
BRDA:182,30,1,0
BRDA:182,30,2,0
BRDA:182,30,3,0
BRDA:202,31,0,0
BRDA:202,31,1,0
BRDA:202,31,2,0
BRDA:202,31,3,0
BRDA:244,32,0,0
BRDA:244,32,1,0
BRDA:249,33,0,0
BRDA:249,33,1,0
BRF:90
BRH:43
end_of_record
TN:
SF:/Users/williestreeter/WebstormProjects/react/ws-react-login/dist/src/data-layer/api/axios-wrapper/index.js
FN:2,(anonymous_0)
FN:3,(anonymous_1)
FN:4,fulfilled
FN:10,rejected
FN:16,step
FN:16,(anonymous_5)
FN:20,(anonymous_6)
FN:21,(anonymous_7)
FN:23,(anonymous_8)
FN:24,verb
FN:24,(anonymous_10)
FN:25,step
FN:92,(anonymous_12)
FN:93,ApiCore
FN:98,(anonymous_14)
FN:99,(anonymous_15)
FN:101,(anonymous_16)
FN:118,(anonymous_17)
FN:119,(anonymous_18)
FN:121,(anonymous_19)
FN:138,(anonymous_20)
FN:139,(anonymous_21)
FN:141,(anonymous_22)
FN:158,(anonymous_23)
FN:159,(anonymous_24)
FN:161,(anonymous_25)
FN:178,(anonymous_26)
FN:179,(anonymous_27)
FN:181,(anonymous_28)
FN:198,(anonymous_29)
FN:199,(anonymous_30)
FN:201,(anonymous_31)
FN:218,(anonymous_32)
FN:224,(anonymous_33)
FN:230,generateAxiosInstance
FN:233,generateFormDataAxiosInstance
FN:238,getFormData
FN:240,(anonymous_37)
FN:243,handleErrors
FNF:39
FNH:18
FNDA:1,(anonymous_0)
FNDA:1,(anonymous_1)
FNDA:0,fulfilled
FNDA:1,rejected
FNDA:1,step
FNDA:1,(anonymous_5)
FNDA:1,(anonymous_6)
FNDA:2,(anonymous_7)
FNDA:0,(anonymous_8)
FNDA:3,verb
FNDA:2,(anonymous_10)
FNDA:2,step
FNDA:1,(anonymous_12)
FNDA:1,ApiCore
FNDA:0,(anonymous_14)
FNDA:0,(anonymous_15)
FNDA:0,(anonymous_16)
FNDA:0,(anonymous_17)
FNDA:0,(anonymous_18)
FNDA:0,(anonymous_19)
FNDA:0,(anonymous_20)
FNDA:0,(anonymous_21)
FNDA:0,(anonymous_22)
FNDA:1,(anonymous_23)
FNDA:1,(anonymous_24)
FNDA:3,(anonymous_25)
FNDA:0,(anonymous_26)
FNDA:0,(anonymous_27)
FNDA:0,(anonymous_28)
FNDA:0,(anonymous_29)
FNDA:0,(anonymous_30)
FNDA:0,(anonymous_31)
FNDA:0,(anonymous_32)
FNDA:1,(anonymous_33)
FNDA:2,generateAxiosInstance
FNDA:1,generateFormDataAxiosInstance
FNDA:0,getFormData
FNDA:0,(anonymous_37)
FNDA:0,handleErrors
DA:2,1
DA:3,1
DA:4,0
DA:5,0
DA:8,0
DA:10,1
DA:11,1
DA:14,1
DA:16,1
DA:17,1
DA:20,1
DA:21,2
DA:22,1
DA:23,1
DA:24,3
DA:26,2
DA:27,0
DA:28,2
DA:29,6
DA:30,6
DA:31,0
DA:32,6
DA:33,0
DA:34,6
DA:37,2
DA:38,2
DA:40,1
DA:41,1
DA:43,0
DA:44,0
DA:45,0
DA:46,0
DA:48,0
DA:49,0
DA:50,0
DA:52,3
DA:53,1
DA:54,1
DA:56,2
DA:57,0
DA:58,0
DA:60,2
DA:61,1
DA:62,1
DA:63,1
DA:65,1
DA:66,0
DA:67,0
DA:68,0
DA:70,1
DA:71,0
DA:72,1
DA:73,1
DA:75,3
DA:78,2
DA:79,2
DA:82,6
DA:84,1
DA:85,1
DA:86,0
DA:89,1
DA:90,1
DA:91,1
DA:92,1
DA:94,1
DA:95,1
DA:96,1
DA:98,1
DA:99,0
DA:101,0
DA:102,0
DA:104,0
DA:105,0
DA:107,0
DA:108,0
DA:110,0
DA:112,0
DA:113,0
DA:118,1
DA:119,0
DA:121,0
DA:122,0
DA:124,0
DA:125,0
DA:127,0
DA:128,0
DA:130,0
DA:131,0
DA:132,0
DA:133,0
DA:138,1
DA:139,0
DA:141,0
DA:142,0
DA:144,0
DA:145,0
DA:147,0
DA:148,0
DA:150,0
DA:151,0
DA:152,0
DA:153,0
DA:158,1
DA:159,1
DA:161,1
DA:162,3
DA:164,1
DA:165,1
DA:167,1
DA:168,0
DA:170,1
DA:172,1
DA:173,0
DA:178,1
DA:179,0
DA:181,0
DA:182,0
DA:184,0
DA:185,0
DA:187,0
DA:188,0
DA:190,0
DA:192,0
DA:193,0
DA:198,1
DA:199,0
DA:201,0
DA:202,0
DA:204,0
DA:205,0
DA:207,0
DA:208,0
DA:210,0
DA:211,0
DA:212,0
DA:213,0
DA:218,1
DA:219,0
DA:220,0
DA:221,0
DA:224,1
DA:225,1
DA:227,1
DA:229,1
DA:231,2
DA:234,1
DA:235,1
DA:236,1
DA:239,0
DA:240,0
DA:241,0
DA:244,0
DA:245,0
DA:246,0
DA:247,0
DA:249,0
DA:250,0
DA:253,0
DA:255,0
LF:159
LH:70
BRDA:2,0,0,1
BRDA:2,0,1,1
BRDA:2,0,2,1
BRDA:3,1,0,1
BRDA:3,1,1,1
BRDA:16,2,0,0
BRDA:16,2,1,1
BRDA:17,3,0,1
BRDA:17,3,1,1
BRDA:20,4,0,1
BRDA:20,4,1,1
BRDA:20,4,2,1
BRDA:21,5,0,1
BRDA:21,5,1,1
BRDA:23,6,0,1
BRDA:23,6,1,1
BRDA:26,7,0,0
BRDA:26,7,1,2
BRDA:30,8,0,0
BRDA:30,8,1,6
BRDA:30,9,0,6
BRDA:30,9,1,0
BRDA:30,9,2,0
BRDA:30,10,0,0
BRDA:30,10,1,0
BRDA:30,11,0,0
BRDA:30,11,1,0
BRDA:32,12,0,0
BRDA:32,12,1,6
BRDA:34,13,0,1
BRDA:34,13,1,2
BRDA:34,13,2,1
BRDA:34,13,3,0
BRDA:34,13,4,0
BRDA:34,13,5,3
BRDA:52,14,0,1
BRDA:52,14,1,2
BRDA:52,15,0,3
BRDA:52,15,1,1
BRDA:52,15,2,0
BRDA:52,16,0,3
BRDA:52,16,1,2
BRDA:56,17,0,0
BRDA:56,17,1,2
BRDA:56,18,0,2
BRDA:56,18,1,0
BRDA:56,18,2,0
BRDA:56,18,3,0
BRDA:60,19,0,1
BRDA:60,19,1,1
BRDA:60,20,0,2
BRDA:60,20,1,2
BRDA:65,21,0,0
BRDA:65,21,1,1
BRDA:65,22,0,1
BRDA:65,22,1,1
BRDA:70,23,0,0
BRDA:70,23,1,1
BRDA:84,24,0,1
BRDA:84,24,1,0
BRDA:86,25,0,0
BRDA:86,25,1,0
BRDA:102,26,0,0
BRDA:102,26,1,0
BRDA:102,26,2,0
BRDA:102,26,3,0
BRDA:122,27,0,0
BRDA:122,27,1,0
BRDA:122,27,2,0
BRDA:122,27,3,0
BRDA:142,28,0,0
BRDA:142,28,1,0
BRDA:142,28,2,0
BRDA:142,28,3,0
BRDA:162,29,0,1
BRDA:162,29,1,1
BRDA:162,29,2,1
BRDA:162,29,3,0
BRDA:182,30,0,0
BRDA:182,30,1,0
BRDA:182,30,2,0
BRDA:182,30,3,0
BRDA:202,31,0,0
BRDA:202,31,1,0
BRDA:202,31,2,0
BRDA:202,31,3,0
BRDA:244,32,0,0
BRDA:244,32,1,0
BRDA:249,33,0,0
BRDA:249,33,1,0
BRF:90
BRH:43
end_of_record
TN:
SF:/Users/williestreeter/WebstormProjects/react/ws-react-login/src/data-layer/api/axios-wrapper/index.ts
FN:2,(anonymous_0)
FN:3,(anonymous_1)
FN:4,fulfilled
FN:5,rejected
FN:6,step
FN:6,(anonymous_5)
FN:10,(anonymous_6)
FN:11,(anonymous_7)
FN:12,(anonymous_8)
FN:13,verb
FN:13,(anonymous_10)
FN:14,step
FN:40,(anonymous_12)
FN:41,ApiCore
FN:46,(anonymous_14)
FN:47,(anonymous_15)
FN:49,(anonymous_16)
FN:66,(anonymous_17)
FN:67,(anonymous_18)
FN:69,(anonymous_19)
FN:86,(anonymous_20)
FN:87,(anonymous_21)
FN:89,(anonymous_22)
FN:106,(anonymous_23)
FN:107,(anonymous_24)
FN:109,(anonymous_25)
FN:126,(anonymous_26)
FN:127,(anonymous_27)
FN:129,(anonymous_28)
FN:146,(anonymous_29)
FN:147,(anonymous_30)
FN:149,(anonymous_31)
FN:166,(anonymous_32)
FN:172,(anonymous_33)
FN:178,generateAxiosInstance
FN:181,generateFormDataAxiosInstance
FN:186,getFormData
FN:188,(anonymous_37)
FN:191,handleErrors
FNF:39
FNH:18
FNDA:2,(anonymous_0)
FNDA:2,(anonymous_1)
FNDA:0,fulfilled
FNDA:2,rejected
FNDA:2,step
FNDA:2,(anonymous_5)
FNDA:2,(anonymous_6)
FNDA:4,(anonymous_7)
FNDA:0,(anonymous_8)
FNDA:6,verb
FNDA:4,(anonymous_10)
FNDA:4,step
FNDA:2,(anonymous_12)
FNDA:2,ApiCore
FNDA:0,(anonymous_14)
FNDA:0,(anonymous_15)
FNDA:0,(anonymous_16)
FNDA:0,(anonymous_17)
FNDA:0,(anonymous_18)
FNDA:0,(anonymous_19)
FNDA:0,(anonymous_20)
FNDA:0,(anonymous_21)
FNDA:0,(anonymous_22)
FNDA:2,(anonymous_23)
FNDA:2,(anonymous_24)
FNDA:6,(anonymous_25)
FNDA:0,(anonymous_26)
FNDA:0,(anonymous_27)
FNDA:0,(anonymous_28)
FNDA:0,(anonymous_29)
FNDA:0,(anonymous_30)
FNDA:0,(anonymous_31)
FNDA:0,(anonymous_32)
FNDA:2,(anonymous_33)
FNDA:4,generateAxiosInstance
FNDA:2,generateFormDataAxiosInstance
FNDA:0,getFormData
FNDA:0,(anonymous_37)
FNDA:0,handleErrors
DA:2,2
DA:3,2
DA:4,0
DA:5,2
DA:6,2
DA:7,2
DA:10,2
DA:11,4
DA:12,2
DA:13,6
DA:15,4
DA:16,12
DA:17,12
DA:18,12
DA:19,12
DA:20,4
DA:21,2
DA:22,0
DA:23,0
DA:25,6
DA:26,4
DA:27,4
DA:28,2
DA:29,2
DA:30,2
DA:32,6
DA:33,12
DA:34,2
DA:37,2
DA:38,2
DA:39,2
DA:40,2
DA:42,2
DA:43,2
DA:44,2
DA:46,2
DA:47,0
DA:49,0
DA:50,0
DA:52,0
DA:53,0
DA:55,0
DA:56,0
DA:58,0
DA:60,0
DA:61,0
DA:66,2
DA:67,0
DA:69,0
DA:70,0
DA:72,0
DA:73,0
DA:75,0
DA:76,0
DA:78,0
DA:79,0
DA:80,0
DA:81,0
DA:86,2
DA:87,0
DA:89,0
DA:90,0
DA:92,0
DA:93,0
DA:95,0
DA:96,0
DA:98,0
DA:99,0
DA:100,0
DA:101,0
DA:106,2
DA:107,2
DA:109,2
DA:110,6
DA:112,2
DA:113,2
DA:115,2
DA:116,0
DA:118,2
DA:120,2
DA:121,0
DA:126,2
DA:127,0
DA:129,0
DA:130,0
DA:132,0
DA:133,0
DA:135,0
DA:136,0
DA:138,0
DA:140,0
DA:141,0
DA:146,2
DA:147,0
DA:149,0
DA:150,0
DA:152,0
DA:153,0
DA:155,0
DA:156,0
DA:158,0
DA:159,0
DA:160,0
DA:161,0
DA:166,2
DA:167,0
DA:168,0
DA:169,0
DA:172,2
DA:173,2
DA:175,2
DA:177,2
DA:179,4
DA:182,2
DA:183,2
DA:184,2
DA:187,0
DA:188,0
DA:189,0
DA:192,0
DA:193,0
DA:194,0
DA:195,0
DA:197,0
DA:198,0
DA:201,0
DA:203,0
LF:127
LH:55
BRDA:2,0,0,2
BRDA:2,0,1,2
BRDA:2,0,2,2
BRDA:3,1,0,2
BRDA:3,1,1,2
BRDA:6,2,0,0
BRDA:6,2,1,2
BRDA:7,3,0,2
BRDA:7,3,1,2
BRDA:10,4,0,2
BRDA:10,4,1,2
BRDA:10,4,2,2
BRDA:11,5,0,2
BRDA:11,5,1,2
BRDA:12,6,0,2
BRDA:12,6,1,2
BRDA:15,7,0,0
BRDA:15,7,1,4
BRDA:17,8,0,0
BRDA:17,8,1,12
BRDA:17,9,0,12
BRDA:17,9,1,0
BRDA:17,9,2,0
BRDA:17,10,0,0
BRDA:17,10,1,0
BRDA:17,11,0,0
BRDA:17,11,1,0
BRDA:18,12,0,0
BRDA:18,12,1,12
BRDA:19,13,0,2
BRDA:19,13,1,4
BRDA:19,13,2,2
BRDA:19,13,3,0
BRDA:19,13,4,0
BRDA:19,13,5,6
BRDA:25,14,0,2
BRDA:25,14,1,4
BRDA:25,15,0,6
BRDA:25,15,1,2
BRDA:25,15,2,0
BRDA:25,16,0,6
BRDA:25,16,1,4
BRDA:26,17,0,0
BRDA:26,17,1,4
BRDA:26,18,0,4
BRDA:26,18,1,0
BRDA:26,18,2,0
BRDA:26,18,3,0
BRDA:27,19,0,2
BRDA:27,19,1,2
BRDA:27,20,0,4
BRDA:27,20,1,4
BRDA:28,21,0,0
BRDA:28,21,1,2
BRDA:28,22,0,2
BRDA:28,22,1,2
BRDA:29,23,0,0
BRDA:29,23,1,2
BRDA:34,24,0,2
BRDA:34,24,1,0
BRDA:34,25,0,0
BRDA:34,25,1,0
BRDA:50,26,0,0
BRDA:50,26,1,0
BRDA:50,26,2,0
BRDA:50,26,3,0
BRDA:70,27,0,0
BRDA:70,27,1,0
BRDA:70,27,2,0
BRDA:70,27,3,0
BRDA:90,28,0,0
BRDA:90,28,1,0
BRDA:90,28,2,0
BRDA:90,28,3,0
BRDA:110,29,0,2
BRDA:110,29,1,2
BRDA:110,29,2,2
BRDA:110,29,3,0
BRDA:130,30,0,0
BRDA:130,30,1,0
BRDA:130,30,2,0
BRDA:130,30,3,0
BRDA:150,31,0,0
BRDA:150,31,1,0
BRDA:150,31,2,0
BRDA:150,31,3,0
BRDA:192,32,0,0
BRDA:192,32,1,0
BRDA:197,33,0,0
BRDA:197,33,1,0
BRF:90
BRH:43
end_of_record
